Using pre-set license
Built from '2022.3/staging' branch; Version is '2022.3.8f1 (b5eafc012955) revision 11922172'; Using compiler version '192829333'; Build Type 'Release'
OS: 'Windows 11  (10.0.22631) 64bit Professional' Language: 'en' Physical Memory: 16320 MB
BatchMode: 1, IsHumanControllingUs: 0, StartBugReporterOnCrash: 0, Is64bit: 1, IsPro: 1

COMMAND LINE ARGUMENTS:
C:\Game.Development\2022.3.8f1\Editor\Unity.exe
-adb2
-batchMode
-noUpm
-name
AssetImportWorker3
-projectPath
C:/Game.Development/The WW2
-logFile
Logs/AssetImportWorker3.log
-srvPort
50235
Successfully changed project path to: C:/Game.Development/The WW2
C:/Game.Development/The WW2
[UnityMemory] Configuration Parameters - Can be set up in boot.config
    "memorysetup-bucket-allocator-granularity=16"
    "memorysetup-bucket-allocator-bucket-count=8"
    "memorysetup-bucket-allocator-block-size=33554432"
    "memorysetup-bucket-allocator-block-count=8"
    "memorysetup-main-allocator-block-size=16777216"
    "memorysetup-thread-allocator-block-size=16777216"
    "memorysetup-gfx-main-allocator-block-size=16777216"
    "memorysetup-gfx-thread-allocator-block-size=16777216"
    "memorysetup-cache-allocator-block-size=4194304"
    "memorysetup-typetree-allocator-block-size=2097152"
    "memorysetup-profiler-bucket-allocator-granularity=16"
    "memorysetup-profiler-bucket-allocator-bucket-count=8"
    "memorysetup-profiler-bucket-allocator-block-size=33554432"
    "memorysetup-profiler-bucket-allocator-block-count=8"
    "memorysetup-profiler-allocator-block-size=16777216"
    "memorysetup-profiler-editor-allocator-block-size=1048576"
    "memorysetup-temp-allocator-size-main=16777216"
    "memorysetup-job-temp-allocator-block-size=2097152"
    "memorysetup-job-temp-allocator-block-size-background=1048576"
    "memorysetup-job-temp-allocator-reduction-small-platforms=262144"
    "memorysetup-allocator-temp-initial-block-size-main=262144"
    "memorysetup-allocator-temp-initial-block-size-worker=262144"
    "memorysetup-temp-allocator-size-background-worker=32768"
    "memorysetup-temp-allocator-size-job-worker=262144"
    "memorysetup-temp-allocator-size-preload-manager=33554432"
    "memorysetup-temp-allocator-size-nav-mesh-worker=65536"
    "memorysetup-temp-allocator-size-audio-worker=65536"
    "memorysetup-temp-allocator-size-cloud-worker=32768"
    "memorysetup-temp-allocator-size-gi-baking-worker=262144"
    "memorysetup-temp-allocator-size-gfx=262144"
Player connection [15088] Host "[IP] 192.168.1.13 [Port] 0 [Flags] 2 [Guid] 909529507 [EditorId] 909529507 [Version] 1048832 [Id] WindowsEditor(7,DoubleYou) [Debug] 1 [PackageName] WindowsEditor [ProjectName] Editor" joined multi-casting on [225.0.0.222:54997]...

Player connection [15088] Host "[IP] 192.168.1.13 [Port] 0 [Flags] 2 [Guid] 909529507 [EditorId] 909529507 [Version] 1048832 [Id] WindowsEditor(7,DoubleYou) [Debug] 1 [PackageName] WindowsEditor [ProjectName] Editor" joined alternative multi-casting on [225.0.0.222:34997]...

[Physics::Module] Initialized MultithreadedJobDispatcher with 15 workers.
Refreshing native plugins compatible for Editor in 13.27 ms, found 3 plugins.
Preloading 0 native plugins for Editor in 0.00 ms.
Initialize engine version: 2022.3.8f1 (b5eafc012955)
[Subsystems] Discovering subsystems at path C:/Game.Development/2022.3.8f1/Editor/Data/Resources/UnitySubsystems
[Subsystems] Discovering subsystems at path C:/Game.Development/The WW2/Assets
GfxDevice: creating device client; threaded=0; jobified=0
Direct3D:
    Version:  Direct3D 11.0 [level 11.1]
    Renderer: NVIDIA GeForce GTX 1070 (ID=0x1b81)
    Vendor:   NVIDIA
    VRAM:     8067 MB
    Driver:   31.0.15.5161
Initialize mono
Mono path[0] = 'C:/Game.Development/2022.3.8f1/Editor/Data/Managed'
Mono path[1] = 'C:/Game.Development/2022.3.8f1/Editor/Data/MonoBleedingEdge/lib/mono/unityjit-win32'
Mono config path = 'C:/Game.Development/2022.3.8f1/Editor/Data/MonoBleedingEdge/etc'
Using monoOptions --debugger-agent=transport=dt_socket,embedding=1,server=y,suspend=n,address=127.0.0.1:56228
Begin MonoManager ReloadAssembly
Registering precompiled unity dll's ...
Register platform support module: C:/Game.Development/2022.3.8f1/Editor/Data/PlaybackEngines/AndroidPlayer/UnityEditor.Android.Extensions.dll
Register platform support module: C:/Game.Development/2022.3.8f1/Editor/Data/PlaybackEngines/WindowsStandaloneSupport/UnityEditor.WindowsStandalone.Extensions.dll
Register platform support module: C:/Game.Development/2022.3.8f1/Editor/Data/PlaybackEngines/MetroSupport/UnityEditor.UWP.Extensions.dll
Registered in 0.009594 seconds.
- Loaded All Assemblies, in  0.450 seconds
Native extension for UWP target not found
Native extension for WindowsStandalone target not found
Native extension for Android target not found
Android Extension - Scanning For ADB Devices 270 ms
Mono: successfully reloaded assembly
- Finished resetting the current domain, in  0.691 seconds
Domain Reload Profiling: 1139ms
	BeginReloadAssembly (139ms)
		ExecutionOrderSort (0ms)
		DisableScriptedObjects (0ms)
		BackupInstance (0ms)
		ReleaseScriptingObjects (0ms)
		CreateAndSetChildDomain (1ms)
	RebuildCommonClasses (45ms)
	RebuildNativeTypeToScriptingClass (16ms)
	initialDomainReloadingComplete (73ms)
	LoadAllAssembliesAndSetupDomain (174ms)
		LoadAssemblies (137ms)
		RebuildTransferFunctionScriptingTraits (0ms)
		AnalyzeDomain (171ms)
			TypeCache.Refresh (170ms)
				TypeCache.ScanAssembly (155ms)
			ScanForSourceGeneratedMonoScriptInfo (0ms)
			ResolveRequiredComponents (1ms)
	FinalizeReload (692ms)
		ReleaseScriptCaches (0ms)
		RebuildScriptCaches (0ms)
		SetupLoadedEditorAssemblies (621ms)
			LogAssemblyErrors (0ms)
			InitializePlatformSupportModulesInManaged (427ms)
			SetLoadedEditorAssemblies (5ms)
			RefreshPlugins (0ms)
			BeforeProcessingInitializeOnLoad (3ms)
			ProcessInitializeOnLoadAttributes (128ms)
			ProcessInitializeOnLoadMethodAttributes (59ms)
			AfterProcessingInitializeOnLoad (0ms)
			EditorAssembliesLoaded (0ms)
		ExecutionOrderSort2 (0ms)
		AwakeInstancesAfterBackupRestoration (0ms)
========================================================================
Worker process is ready to serve import requests
Begin MonoManager ReloadAssembly
- Loaded All Assemblies, in  0.783 seconds
Refreshing native plugins compatible for Editor in 3.82 ms, found 3 plugins.
Native extension for UWP target not found
Native extension for WindowsStandalone target not found
Native extension for Android target not found
Package Manager log level set to [2]
[Package Manager] Server::EnsureServerProcessIsRunning -- launch failed, reason: Unity was launched with the -noUpm command-line argument
[Package Manager] UpmClient::Send -- Unable to send message (not connected to UPM process).
[Package Manager] Cannot connect to Unity Package Manager local server
Mono: successfully reloaded assembly
- Finished resetting the current domain, in  0.994 seconds
Domain Reload Profiling: 1774ms
	BeginReloadAssembly (182ms)
		ExecutionOrderSort (0ms)
		DisableScriptedObjects (8ms)
		BackupInstance (0ms)
		ReleaseScriptingObjects (0ms)
		CreateAndSetChildDomain (24ms)
	RebuildCommonClasses (44ms)
	RebuildNativeTypeToScriptingClass (16ms)
	initialDomainReloadingComplete (59ms)
	LoadAllAssembliesAndSetupDomain (480ms)
		LoadAssemblies (349ms)
		RebuildTransferFunctionScriptingTraits (0ms)
		AnalyzeDomain (235ms)
			TypeCache.Refresh (203ms)
				TypeCache.ScanAssembly (185ms)
			ScanForSourceGeneratedMonoScriptInfo (23ms)
			ResolveRequiredComponents (8ms)
	FinalizeReload (994ms)
		ReleaseScriptCaches (0ms)
		RebuildScriptCaches (0ms)
		SetupLoadedEditorAssemblies (767ms)
			LogAssemblyErrors (0ms)
			InitializePlatformSupportModulesInManaged (30ms)
			SetLoadedEditorAssemblies (6ms)
			RefreshPlugins (0ms)
			BeforeProcessingInitializeOnLoad (80ms)
			ProcessInitializeOnLoadAttributes (618ms)
			ProcessInitializeOnLoadMethodAttributes (25ms)
			AfterProcessingInitializeOnLoad (8ms)
			EditorAssembliesLoaded (0ms)
		ExecutionOrderSort2 (0ms)
		AwakeInstancesAfterBackupRestoration (7ms)
Launched and connected shader compiler UnityShaderCompiler.exe after 0.05 seconds
Refreshing native plugins compatible for Editor in 4.89 ms, found 3 plugins.
Preloading 0 native plugins for Editor in 0.00 ms.
Unloading 3290 Unused Serialized files (Serialized files now loaded: 0)
Unloading 44 unused Assets / (129.7 KB). Loaded Objects now: 3757.
Memory consumption went from 127.3 MB to 127.2 MB.
Total: 4.457300 ms (FindLiveObjects: 0.294200 ms CreateObjectMapping: 0.094100 ms MarkObjects: 3.934800 ms  DeleteObjects: 0.133000 ms)

AssetImportParameters requested are different than current active one (requested -> active):
  custom:container-demuxer-ogg: 62fdf1f143b41e24485cea50d1cbac27 -> 
  custom:video-codec-MediaFoundation-h265: 746d11721c4dcdbdad8f713fa42b33f4 -> 
  custom:video-decoder-ogg-theora: a1e56fd34408186e4bbccfd4996cb3dc -> 
  custom:framework-win-MediaFoundation: 216162199b28c13a410421893ffa2e32 -> 
  custom:CustomObjectIndexerAttribute: 756ad292c208cfabdd7b50bc23989ffe -> 
  custom:container-demuxer-webm: 4f35f7cbe854078d1ac9338744f61a02 -> 
  custom:container-muxer-webm: aa71ff27fc2769a1b78a27578f13a17b -> 
  custom:video-decoder-webm-vp8: 9c59270c3fd7afecdb556c50c9e8de78 -> 
  custom:SearchIndexIgnoredProperties: e643bd26f0fe6173181afceb89e7c659 -> 
  custom:AudioImporter_EditorPlatform: d09bf68614088b80899f8185d706f6e7 -> 
  custom:video-encoder-webm-vp8: eb34c28f22e8b96e1ab97ce403110664 -> 
  custom:audio-decoder-ogg-vorbis: bf7c407c2cedff20999df2af8eb42d56 -> 
  custom:audio-encoder-webm-vorbis: bf7c407c2cedff20999df2af8eb42d56 -> 
========================================================================
Received Import Request.
  Time since last request: 2482.135693 seconds.
  path: Assets/PolygonWar/Prefabs/Environments/SM_Env_Brick_Debris_02.prefab
  artifactKey: Guid(cd7e74ac067aad64d80716a3a8ea5d30) Importer(815301076,1909f56bfc062723c751e8b465ee728b)
Start importing Assets/PolygonWar/Prefabs/Environments/SM_Env_Brick_Debris_02.prefab using Guid(cd7e74ac067aad64d80716a3a8ea5d30) Importer(815301076,1909f56bfc062723c751e8b465ee728b)  -> (artifact id: '703944a470223833f34e64097fb33279') in 0.165966 seconds
Number of updated asset objects reloaded before import = 0
Number of asset objects unloaded after import = 9
========================================================================
Received Import Request.
  Time since last request: 0.000034 seconds.
  path: Assets/PolygonWar/Prefabs/Environments/SM_Env_Cliff_Path_01.prefab
  artifactKey: Guid(895a7c69b68fc614f9283eeb88bfc4b9) Importer(815301076,1909f56bfc062723c751e8b465ee728b)
Start importing Assets/PolygonWar/Prefabs/Environments/SM_Env_Cliff_Path_01.prefab using Guid(895a7c69b68fc614f9283eeb88bfc4b9) Importer(815301076,1909f56bfc062723c751e8b465ee728b)  -> (artifact id: '8768991b114ddd1149191263b7b10634') in 0.022303 seconds
Number of updated asset objects reloaded before import = 0
Number of asset objects unloaded after import = 10
========================================================================
Received Import Request.
  Time since last request: 0.000030 seconds.
  path: Assets/PolygonWar/Prefabs/Environments/SM_Env_Bridge_Ramp.prefab
  artifactKey: Guid(207238167f1e6ac4baf56134e4eb6508) Importer(815301076,1909f56bfc062723c751e8b465ee728b)
Start importing Assets/PolygonWar/Prefabs/Environments/SM_Env_Bridge_Ramp.prefab using Guid(207238167f1e6ac4baf56134e4eb6508) Importer(815301076,1909f56bfc062723c751e8b465ee728b)  -> (artifact id: 'b50ce3e4feb207e3ae901edefae6412c') in 0.022984 seconds
Number of updated asset objects reloaded before import = 0
Number of asset objects unloaded after import = 18
========================================================================
Received Import Request.
  Time since last request: 1.341239 seconds.
  path: Assets/PolygonWar/Prefabs/Environments/SM_Env_Crater_03.prefab
  artifactKey: Guid(f4270b57324d3bc44ba520851f421b7a) Importer(815301076,1909f56bfc062723c751e8b465ee728b)
Start importing Assets/PolygonWar/Prefabs/Environments/SM_Env_Crater_03.prefab using Guid(f4270b57324d3bc44ba520851f421b7a) Importer(815301076,1909f56bfc062723c751e8b465ee728b)  -> (artifact id: 'da9314106e78f4405b58d04d913d7331') in 0.017271 seconds
Number of updated asset objects reloaded before import = 0
Number of asset objects unloaded after import = 10
========================================================================
Received Import Request.
  Time since last request: 0.729443 seconds.
  path: Assets/PolygonWar/Prefabs/Environments/SM_Env_Beach_Patch_03.prefab
  artifactKey: Guid(4b7fe31f54389c848ae40585db684c95) Importer(815301076,1909f56bfc062723c751e8b465ee728b)
Start importing Assets/PolygonWar/Prefabs/Environments/SM_Env_Beach_Patch_03.prefab using Guid(4b7fe31f54389c848ae40585db684c95) Importer(815301076,1909f56bfc062723c751e8b465ee728b)  -> (artifact id: '490a5059223f7bab10102f6b000fd189') in 0.024284 seconds
Number of updated asset objects reloaded before import = 0
Number of asset objects unloaded after import = 10
========================================================================
Received Import Request.
  Time since last request: 0.116330 seconds.
  path: Assets/PolygonWar/Prefabs/Environments/SM_Env_Beach_Edge_01.prefab
  artifactKey: Guid(82f48ccceb52ed149bbca65c02e04e7d) Importer(815301076,1909f56bfc062723c751e8b465ee728b)
Start importing Assets/PolygonWar/Prefabs/Environments/SM_Env_Beach_Edge_01.prefab using Guid(82f48ccceb52ed149bbca65c02e04e7d) Importer(815301076,1909f56bfc062723c751e8b465ee728b)  -> (artifact id: 'b02642f7539aa88fab20078c612dbafc') in 0.017586 seconds
Number of updated asset objects reloaded before import = 0
Number of asset objects unloaded after import = 10
========================================================================
Received Import Request.
  Time since last request: 5.317620 seconds.
  path: Assets/PolygonWar/Prefabs/Buildings/SM_Bld_Bunker_01.prefab
  artifactKey: Guid(38721bc8d7c9d284090678fb603d1261) Importer(815301076,1909f56bfc062723c751e8b465ee728b)
Start importing Assets/PolygonWar/Prefabs/Buildings/SM_Bld_Bunker_01.prefab using Guid(38721bc8d7c9d284090678fb603d1261) Importer(815301076,1909f56bfc062723c751e8b465ee728b)  -> (artifact id: '1b37b600ad1f9720af09e0168f595f29') in 0.025893 seconds
Number of updated asset objects reloaded before import = 0
Number of asset objects unloaded after import = 11
========================================================================
Received Import Request.
  Time since last request: 0.000020 seconds.
  path: Assets/PolygonWar/Prefabs/Buildings/SM_Bld_Camonetting_Tent_01.prefab
  artifactKey: Guid(17c1c2732074dda47ad4dd453a1b2afb) Importer(815301076,1909f56bfc062723c751e8b465ee728b)
Start importing Assets/PolygonWar/Prefabs/Buildings/SM_Bld_Camonetting_Tent_01.prefab using Guid(17c1c2732074dda47ad4dd453a1b2afb) Importer(815301076,1909f56bfc062723c751e8b465ee728b)  -> (artifact id: 'b4ae0d51176fb0551db661c7ab3971ef') in 0.157388 seconds
Number of updated asset objects reloaded before import = 0
Number of asset objects unloaded after import = 12
========================================================================
Received Import Request.
  Time since last request: 0.000033 seconds.
  path: Assets/PolygonWar/Prefabs/Buildings/SM_Bld_Bunker_ConcreteBase_01.prefab
  artifactKey: Guid(e0f1455faab774f4584ff819b7ef823d) Importer(815301076,1909f56bfc062723c751e8b465ee728b)
Start importing Assets/PolygonWar/Prefabs/Buildings/SM_Bld_Bunker_ConcreteBase_01.prefab using Guid(e0f1455faab774f4584ff819b7ef823d) Importer(815301076,1909f56bfc062723c751e8b465ee728b)  -> (artifact id: 'ba7ae403ad95e414ed153b407b7b3fbd') in 0.017030 seconds
Number of updated asset objects reloaded before import = 0
Number of asset objects unloaded after import = 10
========================================================================
Received Import Request.
  Time since last request: 0.000038 seconds.
  path: Assets/PolygonWar/Prefabs/Buildings/SM_Bld_Bunker_Small_01.prefab
  artifactKey: Guid(1e657304c6c58df45a4c1d55f56562e7) Importer(815301076,1909f56bfc062723c751e8b465ee728b)
Start importing Assets/PolygonWar/Prefabs/Buildings/SM_Bld_Bunker_Small_01.prefab using Guid(1e657304c6c58df45a4c1d55f56562e7) Importer(815301076,1909f56bfc062723c751e8b465ee728b)  -> (artifact id: '5ced2fb0bbb26549f8bf5c58bd241941') in 0.018521 seconds
Number of updated asset objects reloaded before import = 0
Number of asset objects unloaded after import = 11
========================================================================
Received Import Request.
  Time since last request: 1.780999 seconds.
  path: Assets/PolygonWar/Prefabs/Buildings/SM_Bld_City_Preset_02.prefab
  artifactKey: Guid(57c4ae2ca20db04429a66e96344112bb) Importer(815301076,1909f56bfc062723c751e8b465ee728b)
Start importing Assets/PolygonWar/Prefabs/Buildings/SM_Bld_City_Preset_02.prefab using Guid(57c4ae2ca20db04429a66e96344112bb) Importer(815301076,1909f56bfc062723c751e8b465ee728b)  -> (artifact id: 'ce5df88e14a370aa882aa7410ff4d737') in 0.021464 seconds
Number of updated asset objects reloaded before import = 0
Number of asset objects unloaded after import = 23
========================================================================
Received Import Request.
  Time since last request: 0.078096 seconds.
  path: Assets/PolygonWar/Prefabs/Buildings/SM_Bld_City_Preset_07.prefab
  artifactKey: Guid(bbd02573b790e9741979cef96b173619) Importer(815301076,1909f56bfc062723c751e8b465ee728b)
Start importing Assets/PolygonWar/Prefabs/Buildings/SM_Bld_City_Preset_07.prefab using Guid(bbd02573b790e9741979cef96b173619) Importer(815301076,1909f56bfc062723c751e8b465ee728b)  -> (artifact id: 'f3536033b3b902c1d125693bbb5f8a3a') in 0.032002 seconds
Number of updated asset objects reloaded before import = 0
Number of asset objects unloaded after import = 25
========================================================================
Received Import Request.
  Time since last request: 0.627974 seconds.
  path: Assets/PolygonWar/Prefabs/Buildings/SM_Bld_City_Section_Base_03.prefab
  artifactKey: Guid(01efbe6e860322640a76676a6c4540ee) Importer(815301076,1909f56bfc062723c751e8b465ee728b)
Start importing Assets/PolygonWar/Prefabs/Buildings/SM_Bld_City_Section_Base_03.prefab using Guid(01efbe6e860322640a76676a6c4540ee) Importer(815301076,1909f56bfc062723c751e8b465ee728b)  -> (artifact id: 'fb84dc48b7ab704124223e584f674529') in 0.025588 seconds
Number of updated asset objects reloaded before import = 0
Number of asset objects unloaded after import = 28
========================================================================
Received Import Request.
  Time since last request: 0.084873 seconds.
  path: Assets/PolygonWar/Prefabs/Buildings/SM_Bld_City_Section_Roof_01.prefab
  artifactKey: Guid(167091eaea5de7744a760d13b590110b) Importer(815301076,1909f56bfc062723c751e8b465ee728b)
Start importing Assets/PolygonWar/Prefabs/Buildings/SM_Bld_City_Section_Roof_01.prefab using Guid(167091eaea5de7744a760d13b590110b) Importer(815301076,1909f56bfc062723c751e8b465ee728b)  -> (artifact id: '33bc9239b6ed1234771490d6edbac756') in 0.028509 seconds
Number of updated asset objects reloaded before import = 0
Number of asset objects unloaded after import = 15
========================================================================
Received Import Request.
  Time since last request: 0.696982 seconds.
  path: Assets/PolygonWar/Prefabs/Buildings/SM_Bld_City_Section_Roof_06.prefab
  artifactKey: Guid(e3bfa79dd7a6db3468917549465d96c3) Importer(815301076,1909f56bfc062723c751e8b465ee728b)
Start importing Assets/PolygonWar/Prefabs/Buildings/SM_Bld_City_Section_Roof_06.prefab using Guid(e3bfa79dd7a6db3468917549465d96c3) Importer(815301076,1909f56bfc062723c751e8b465ee728b)  -> (artifact id: '4dde3ab53065701d944823c43724f72d') in 0.025894 seconds
Number of updated asset objects reloaded before import = 0
Number of asset objects unloaded after import = 15
========================================================================
Received Import Request.
  Time since last request: 0.198643 seconds.
  path: Assets/PolygonWar/Prefabs/Buildings/SM_Bld_City_Section_Room_04.prefab
  artifactKey: Guid(3d73afb31e07b08489b01a4d020a9c29) Importer(815301076,1909f56bfc062723c751e8b465ee728b)
Start importing Assets/PolygonWar/Prefabs/Buildings/SM_Bld_City_Section_Room_04.prefab using Guid(3d73afb31e07b08489b01a4d020a9c29) Importer(815301076,1909f56bfc062723c751e8b465ee728b)  -> (artifact id: 'e303c0ee841fe4de70ee0d712657fadf') in 0.023738 seconds
Number of updated asset objects reloaded before import = 0
Number of asset objects unloaded after import = 16
========================================================================
Received Import Request.
  Time since last request: 0.112604 seconds.
  path: Assets/PolygonWar/Prefabs/Buildings/SM_Bld_City_Section_Room_09.prefab
  artifactKey: Guid(b6ec4aa7d32fba044be5facd12e44f29) Importer(815301076,1909f56bfc062723c751e8b465ee728b)
Start importing Assets/PolygonWar/Prefabs/Buildings/SM_Bld_City_Section_Room_09.prefab using Guid(b6ec4aa7d32fba044be5facd12e44f29) Importer(815301076,1909f56bfc062723c751e8b465ee728b)  -> (artifact id: '3f1b16847ac84beb7408093b44d7d887') in 0.027473 seconds
Number of updated asset objects reloaded before import = 0
Number of asset objects unloaded after import = 16
========================================================================
Received Import Request.
  Time since last request: 0.152054 seconds.
  path: Assets/PolygonWar/Prefabs/Buildings/SM_Bld_Hanger_01.prefab
  artifactKey: Guid(01ace85164522c14088230f417715cc4) Importer(815301076,1909f56bfc062723c751e8b465ee728b)
Start importing Assets/PolygonWar/Prefabs/Buildings/SM_Bld_Hanger_01.prefab using Guid(01ace85164522c14088230f417715cc4) Importer(815301076,1909f56bfc062723c751e8b465ee728b)  -> (artifact id: '1b865f45a5c6a9a1836f668b3ad07f46') in 0.016940 seconds
Number of updated asset objects reloaded before import = 0
Number of asset objects unloaded after import = 10
========================================================================
Received Import Request.
  Time since last request: 0.077698 seconds.
  path: Assets/PolygonWar/Prefabs/Buildings/SM_Bld_State_Building_Window_01.prefab
  artifactKey: Guid(ff53feddb735c2b488323141413155f4) Importer(815301076,1909f56bfc062723c751e8b465ee728b)
Start importing Assets/PolygonWar/Prefabs/Buildings/SM_Bld_State_Building_Window_01.prefab using Guid(ff53feddb735c2b488323141413155f4) Importer(815301076,1909f56bfc062723c751e8b465ee728b)  -> (artifact id: '2beb67a537d07c5dbf517da2ec3836e7') in 0.016674 seconds
Number of updated asset objects reloaded before import = 0
Number of asset objects unloaded after import = 15
========================================================================
Received Import Request.
  Time since last request: 0.235102 seconds.
  path: Assets/PolygonWar/Prefabs/Buildings/SM_Bld_TownHouse_02.prefab
  artifactKey: Guid(8e4450e470323aa4e94ab16099d00300) Importer(815301076,1909f56bfc062723c751e8b465ee728b)
Start importing Assets/PolygonWar/Prefabs/Buildings/SM_Bld_TownHouse_02.prefab using Guid(8e4450e470323aa4e94ab16099d00300) Importer(815301076,1909f56bfc062723c751e8b465ee728b)  -> (artifact id: '5b055716cec23f66154f5d5489ededf0') in 0.025423 seconds
Number of updated asset objects reloaded before import = 0
Number of asset objects unloaded after import = 33
========================================================================
Received Import Request.
  Time since last request: 0.079539 seconds.
  path: Assets/PolygonWar/Prefabs/Buildings/SM_Bld_TownHouse_Rubble_01.prefab
  artifactKey: Guid(210527a3df7085b45a5e83313c4ffe43) Importer(815301076,1909f56bfc062723c751e8b465ee728b)
Start importing Assets/PolygonWar/Prefabs/Buildings/SM_Bld_TownHouse_Rubble_01.prefab using Guid(210527a3df7085b45a5e83313c4ffe43) Importer(815301076,1909f56bfc062723c751e8b465ee728b)  -> (artifact id: '835d0271c58cc2a571f41c32850edd83') in 0.027246 seconds
Number of updated asset objects reloaded before import = 0
Number of asset objects unloaded after import = 11
========================================================================
Received Import Request.
  Time since last request: 266.643046 seconds.
  path: Assets/PolygonWar/Prefabs/Environments/SM_Env_Mountains_Grass_03.prefab
  artifactKey: Guid(ffbd5a6e27aecf741b8a1b16f5be5079) Importer(815301076,1909f56bfc062723c751e8b465ee728b)
Start importing Assets/PolygonWar/Prefabs/Environments/SM_Env_Mountains_Grass_03.prefab using Guid(ffbd5a6e27aecf741b8a1b16f5be5079) Importer(815301076,1909f56bfc062723c751e8b465ee728b)  -> (artifact id: '22fa5f410d910d1a6106b68cb303ad2b') in 0.022755 seconds
Number of updated asset objects reloaded before import = 0
Number of asset objects unloaded after import = 10
========================================================================
Received Import Request.
  Time since last request: 0.000333 seconds.
  path: Assets/PolygonWar/Prefabs/Environments/SM_Env_Mountains_Snow_01.prefab
  artifactKey: Guid(a7da03155ff06dd4eab32a7f2178822a) Importer(815301076,1909f56bfc062723c751e8b465ee728b)
Start importing Assets/PolygonWar/Prefabs/Environments/SM_Env_Mountains_Snow_01.prefab using Guid(a7da03155ff06dd4eab32a7f2178822a) Importer(815301076,1909f56bfc062723c751e8b465ee728b)  -> (artifact id: '17b35c2e01f34a8f79a87f82c04956de') in 0.017833 seconds
Number of updated asset objects reloaded before import = 0
Number of asset objects unloaded after import = 10
========================================================================
Received Import Request.
  Time since last request: 0.000020 seconds.
  path: Assets/PolygonWar/Prefabs/Environments/SM_Env_RiverSide_Corner_02.prefab
  artifactKey: Guid(2d037d681c1fc9a4b9800d8f266710fb) Importer(815301076,1909f56bfc062723c751e8b465ee728b)
Start importing Assets/PolygonWar/Prefabs/Environments/SM_Env_RiverSide_Corner_02.prefab using Guid(2d037d681c1fc9a4b9800d8f266710fb) Importer(815301076,1909f56bfc062723c751e8b465ee728b)  -> (artifact id: 'cfe051b5bf2c4c3d833a8922470e7e1a') in 0.022499 seconds
Number of updated asset objects reloaded before import = 0
Number of asset objects unloaded after import = 10
========================================================================
Received Import Request.
  Time since last request: 0.000024 seconds.
  path: Assets/PolygonWar/Prefabs/Environments/SM_Env_Road_Dirt_Intersection_01.prefab
  artifactKey: Guid(d3125ba95fadf064684725f06f0254aa) Importer(815301076,1909f56bfc062723c751e8b465ee728b)
Start importing Assets/PolygonWar/Prefabs/Environments/SM_Env_Road_Dirt_Intersection_01.prefab using Guid(d3125ba95fadf064684725f06f0254aa) Importer(815301076,1909f56bfc062723c751e8b465ee728b)  -> (artifact id: '6a5b1c042060a467f1770aaa3843beaf') in 0.020470 seconds
Number of updated asset objects reloaded before import = 0
Number of asset objects unloaded after import = 10
========================================================================
Received Import Request.
  Time since last request: 0.000021 seconds.
  path: Assets/PolygonWar/Prefabs/Environments/SM_Env_Rocks_Small_01.prefab
  artifactKey: Guid(d46692f4ac6687b4aa2b3963854544d8) Importer(815301076,1909f56bfc062723c751e8b465ee728b)
Start importing Assets/PolygonWar/Prefabs/Environments/SM_Env_Rocks_Small_01.prefab using Guid(d46692f4ac6687b4aa2b3963854544d8) Importer(815301076,1909f56bfc062723c751e8b465ee728b)  -> (artifact id: 'afe9201d22869bc6110e76a93bb63273') in 0.016848 seconds
Number of updated asset objects reloaded before import = 0
Number of asset objects unloaded after import = 9
========================================================================
Received Import Request.
  Time since last request: 0.000043 seconds.
  path: Assets/PolygonWar/Prefabs/Environments/SM_Env_Rubble_Pile_02.prefab
  artifactKey: Guid(90ec25c75f6d77c40bd84da0105ebe31) Importer(815301076,1909f56bfc062723c751e8b465ee728b)
Start importing Assets/PolygonWar/Prefabs/Environments/SM_Env_Rubble_Pile_02.prefab using Guid(90ec25c75f6d77c40bd84da0105ebe31) Importer(815301076,1909f56bfc062723c751e8b465ee728b)  -> (artifact id: '428e05e9bb79e9ce627086d42443568a') in 0.018389 seconds
Number of updated asset objects reloaded before import = 0
Number of asset objects unloaded after import = 11
========================================================================
Received Import Request.
  Time since last request: 0.000018 seconds.
  path: Assets/PolygonWar/Prefabs/Environments/SM_Env_Rubble_Stone_02.prefab
  artifactKey: Guid(3dae21f5e4ef9d84da3c17df1107a8d9) Importer(815301076,1909f56bfc062723c751e8b465ee728b)
Start importing Assets/PolygonWar/Prefabs/Environments/SM_Env_Rubble_Stone_02.prefab using Guid(3dae21f5e4ef9d84da3c17df1107a8d9) Importer(815301076,1909f56bfc062723c751e8b465ee728b)  -> (artifact id: '48f5781156d9c93806a1a76eaf8f80a9') in 0.023734 seconds
Number of updated asset objects reloaded before import = 0
Number of asset objects unloaded after import = 9
========================================================================
Received Import Request.
  Time since last request: 0.000022 seconds.
  path: Assets/PolygonWar/Prefabs/Environments/SM_Env_Road_Dirt_Corner_01.prefab
  artifactKey: Guid(3a673aa3280a79544b7b4a48ac09ff0b) Importer(815301076,1909f56bfc062723c751e8b465ee728b)
Start importing Assets/PolygonWar/Prefabs/Environments/SM_Env_Road_Dirt_Corner_01.prefab using Guid(3a673aa3280a79544b7b4a48ac09ff0b) Importer(815301076,1909f56bfc062723c751e8b465ee728b)  -> (artifact id: 'a9c8b27252ac3c023c752ac146279a28') in 0.020822 seconds
Number of updated asset objects reloaded before import = 0
Number of asset objects unloaded after import = 10
========================================================================
Received Import Request.
  Time since last request: 0.000018 seconds.
  path: Assets/PolygonWar/Prefabs/Environments/SM_Env_Rocks_Small_03.prefab
  artifactKey: Guid(10bfe6fe219360b409acfbdb85dc9b8b) Importer(815301076,1909f56bfc062723c751e8b465ee728b)
Start importing Assets/PolygonWar/Prefabs/Environments/SM_Env_Rocks_Small_03.prefab using Guid(10bfe6fe219360b409acfbdb85dc9b8b) Importer(815301076,1909f56bfc062723c751e8b465ee728b)  -> (artifact id: 'df569f9851a246b22e48e09dab9f6150') in 0.017834 seconds
Number of updated asset objects reloaded before import = 0
Number of asset objects unloaded after import = 9
========================================================================
Received Import Request.
  Time since last request: 0.000018 seconds.
  path: Assets/PolygonWar/Prefabs/Environments/SM_Env_Rubble_Pile_Corner.prefab
  artifactKey: Guid(89584f144a465fb48bec85e56c231446) Importer(815301076,1909f56bfc062723c751e8b465ee728b)
Start importing Assets/PolygonWar/Prefabs/Environments/SM_Env_Rubble_Pile_Corner.prefab using Guid(89584f144a465fb48bec85e56c231446) Importer(815301076,1909f56bfc062723c751e8b465ee728b)  -> (artifact id: 'a4025362bac39da3be2e756839d885a8') in 0.021891 seconds
Number of updated asset objects reloaded before import = 0
Number of asset objects unloaded after import = 18
========================================================================
Received Import Request.
  Time since last request: 0.000025 seconds.
  path: Assets/PolygonWar/Prefabs/Environments/SM_Env_Rubble_Pile_Small.prefab
  artifactKey: Guid(b11697a8b1cc3754280fd3f12054a1ca) Importer(815301076,1909f56bfc062723c751e8b465ee728b)
Start importing Assets/PolygonWar/Prefabs/Environments/SM_Env_Rubble_Pile_Small.prefab using Guid(b11697a8b1cc3754280fd3f12054a1ca) Importer(815301076,1909f56bfc062723c751e8b465ee728b)  -> (artifact id: '1665a71471ebcacc881729b8a07e029e') in 0.018300 seconds
Number of updated asset objects reloaded before import = 0
Number of asset objects unloaded after import = 18
========================================================================
Received Import Request.
  Time since last request: 0.000034 seconds.
  path: Assets/PolygonWar/Prefabs/Environments/SM_Env_Rocks_Small_02.prefab
  artifactKey: Guid(11f2d5736449dcc4a93e13c570944cfd) Importer(815301076,1909f56bfc062723c751e8b465ee728b)
Start importing Assets/PolygonWar/Prefabs/Environments/SM_Env_Rocks_Small_02.prefab using Guid(11f2d5736449dcc4a93e13c570944cfd) Importer(815301076,1909f56bfc062723c751e8b465ee728b)  -> (artifact id: 'f14e831f8c3bc7ff2aaedbdd11d6c777') in 0.020504 seconds
Number of updated asset objects reloaded before import = 0
Number of asset objects unloaded after import = 9
========================================================================
Received Import Request.
  Time since last request: 0.000021 seconds.
  path: Assets/PolygonWar/Prefabs/Environments/SM_Env_RiverSide_Corner_01.prefab
  artifactKey: Guid(f4a98554eb285fe479974725d2d07656) Importer(815301076,1909f56bfc062723c751e8b465ee728b)
Start importing Assets/PolygonWar/Prefabs/Environments/SM_Env_RiverSide_Corner_01.prefab using Guid(f4a98554eb285fe479974725d2d07656) Importer(815301076,1909f56bfc062723c751e8b465ee728b)  -> (artifact id: '96f59eaeb4e734d1821b82c9256fb300') in 0.018172 seconds
Number of updated asset objects reloaded before import = 0
Number of asset objects unloaded after import = 10
========================================================================
Received Import Request.
  Time since last request: 13.171095 seconds.
  path: Assets/PolygonWar/Prefabs/Environments/SM_Env_Dirt_Mound_01.prefab
  artifactKey: Guid(c87ffba32a7a28a40bf04993eb55bb91) Importer(815301076,1909f56bfc062723c751e8b465ee728b)
Start importing Assets/PolygonWar/Prefabs/Environments/SM_Env_Dirt_Mound_01.prefab using Guid(c87ffba32a7a28a40bf04993eb55bb91) Importer(815301076,1909f56bfc062723c751e8b465ee728b)  -> (artifact id: '3a8d3c4200e6d1b1209fa91e650de0f4') in 0.017028 seconds
Number of updated asset objects reloaded before import = 0
Number of asset objects unloaded after import = 10
========================================================================
Received Import Request.
  Time since last request: 0.391003 seconds.
  path: Assets/PolygonWar/Prefabs/Environments/SM_Env_Dirt_Mound_Small_02.prefab
  artifactKey: Guid(5ef22dca25ca9c44a8a317fc6c424356) Importer(815301076,1909f56bfc062723c751e8b465ee728b)
Start importing Assets/PolygonWar/Prefabs/Environments/SM_Env_Dirt_Mound_Small_02.prefab using Guid(5ef22dca25ca9c44a8a317fc6c424356) Importer(815301076,1909f56bfc062723c751e8b465ee728b)  -> (artifact id: '6232ce5a484086874c28865ce04955fd') in 0.024178 seconds
Number of updated asset objects reloaded before import = 0
Number of asset objects unloaded after import = 10
========================================================================
Received Import Request.
  Time since last request: 0.042177 seconds.
  path: Assets/PolygonWar/Prefabs/Environments/SM_Env_Grass_Mound_Hill_01.prefab
  artifactKey: Guid(6bc3b5112614edd418568e30f4eadebd) Importer(815301076,1909f56bfc062723c751e8b465ee728b)
Start importing Assets/PolygonWar/Prefabs/Environments/SM_Env_Grass_Mound_Hill_01.prefab using Guid(6bc3b5112614edd418568e30f4eadebd) Importer(815301076,1909f56bfc062723c751e8b465ee728b)  -> (artifact id: '074ce0eaae8edd4304b8fdb39413379d') in 0.019360 seconds
Number of updated asset objects reloaded before import = 0
Number of asset objects unloaded after import = 10
========================================================================
Received Import Request.
  Time since last request: 0.934212 seconds.
  path: Assets/PolygonWar/Prefabs/Environments/SM_Env_Hedge_02.prefab
  artifactKey: Guid(e57d0b48a88d8694fa72df6cace2d6e2) Importer(815301076,1909f56bfc062723c751e8b465ee728b)
Start importing Assets/PolygonWar/Prefabs/Environments/SM_Env_Hedge_02.prefab using Guid(e57d0b48a88d8694fa72df6cace2d6e2) Importer(815301076,1909f56bfc062723c751e8b465ee728b)  -> (artifact id: 'f081c50574ec6b1b1a72acde8df3d495') in 0.018785 seconds
Number of updated asset objects reloaded before import = 0
Number of asset objects unloaded after import = 11
========================================================================
Received Import Request.
  Time since last request: 0.000021 seconds.
  path: Assets/PolygonWar/Prefabs/Environments/SM_Env_Hedge_Bush_02.prefab
  artifactKey: Guid(f5155c49a559cf345978f3b42aea7ad3) Importer(815301076,1909f56bfc062723c751e8b465ee728b)
Start importing Assets/PolygonWar/Prefabs/Environments/SM_Env_Hedge_Bush_02.prefab using Guid(f5155c49a559cf345978f3b42aea7ad3) Importer(815301076,1909f56bfc062723c751e8b465ee728b)  -> (artifact id: '967f7bc4dd72830d54b930d4e91b88fd') in 0.014726 seconds
Number of updated asset objects reloaded before import = 0
Number of asset objects unloaded after import = 11
========================================================================
Received Import Request.
  Time since last request: 0.007727 seconds.
  path: Assets/PolygonWar/Prefabs/Environments/SM_Env_Mountain_Background_01.prefab
  artifactKey: Guid(4d33892dc3a503e48ac1a4139dbe873e) Importer(815301076,1909f56bfc062723c751e8b465ee728b)
Start importing Assets/PolygonWar/Prefabs/Environments/SM_Env_Mountain_Background_01.prefab using Guid(4d33892dc3a503e48ac1a4139dbe873e) Importer(815301076,1909f56bfc062723c751e8b465ee728b)  -> (artifact id: '33513581d0d602c6a15565e16b571719') in 0.019534 seconds
Number of updated asset objects reloaded before import = 0
Number of asset objects unloaded after import = 10
========================================================================
Received Import Request.
  Time since last request: 0.762652 seconds.
  path: Assets/PolygonWar/Prefabs/Environments/SM_Env_Sandbag_01.prefab
  artifactKey: Guid(f8491c6835ee9da45b88be48cd16dd17) Importer(815301076,1909f56bfc062723c751e8b465ee728b)
Start importing Assets/PolygonWar/Prefabs/Environments/SM_Env_Sandbag_01.prefab using Guid(f8491c6835ee9da45b88be48cd16dd17) Importer(815301076,1909f56bfc062723c751e8b465ee728b)  -> (artifact id: '0474f9bbbe3c6367b69853707821d5fe') in 0.017500 seconds
Number of updated asset objects reloaded before import = 0
Number of asset objects unloaded after import = 11
========================================================================
Received Import Request.
  Time since last request: 0.000021 seconds.
  path: Assets/PolygonWar/Prefabs/Environments/SM_Env_Sandbag_03.prefab
  artifactKey: Guid(2550ccca9d18f664ab04838d1447975e) Importer(815301076,1909f56bfc062723c751e8b465ee728b)
Start importing Assets/PolygonWar/Prefabs/Environments/SM_Env_Sandbag_03.prefab using Guid(2550ccca9d18f664ab04838d1447975e) Importer(815301076,1909f56bfc062723c751e8b465ee728b)  -> (artifact id: 'e779ab3586c7b07ec20d55de1a71e474') in 0.016388 seconds
Number of updated asset objects reloaded before import = 0
Number of asset objects unloaded after import = 11
========================================================================
Received Import Request.
  Time since last request: 0.009399 seconds.
  path: Assets/PolygonWar/Prefabs/Environments/SM_Env_Sandbag_Pile_01.prefab
  artifactKey: Guid(e82481a1921607f49a01b923ca756db1) Importer(815301076,1909f56bfc062723c751e8b465ee728b)
Start importing Assets/PolygonWar/Prefabs/Environments/SM_Env_Sandbag_Pile_01.prefab using Guid(e82481a1921607f49a01b923ca756db1) Importer(815301076,1909f56bfc062723c751e8b465ee728b)  -> (artifact id: '1b53e1689b798420c34e75776b1dfd65') in 0.020742 seconds
Number of updated asset objects reloaded before import = 0
Number of asset objects unloaded after import = 11
========================================================================
Received Import Request.
  Time since last request: 0.027076 seconds.
  path: Assets/PolygonWar/Prefabs/Environments/SM_Env_Sandbag_Wall_End_01.prefab
  artifactKey: Guid(0b2802301e3b57542adc46aeb0702b56) Importer(815301076,1909f56bfc062723c751e8b465ee728b)
Start importing Assets/PolygonWar/Prefabs/Environments/SM_Env_Sandbag_Wall_End_01.prefab using Guid(0b2802301e3b57542adc46aeb0702b56) Importer(815301076,1909f56bfc062723c751e8b465ee728b)  -> (artifact id: '803d8825ecd21370d1fe1e4924cd03bf') in 0.027758 seconds
Number of updated asset objects reloaded before import = 0
Number of asset objects unloaded after import = 11
========================================================================
Received Import Request.
  Time since last request: 0.000031 seconds.
  path: Assets/PolygonWar/Prefabs/Environments/SM_Env_StoneWall_Pillar_01.prefab
  artifactKey: Guid(3546cee4a78370b4fad88b84064e2263) Importer(815301076,1909f56bfc062723c751e8b465ee728b)
Start importing Assets/PolygonWar/Prefabs/Environments/SM_Env_StoneWall_Pillar_01.prefab using Guid(3546cee4a78370b4fad88b84064e2263) Importer(815301076,1909f56bfc062723c751e8b465ee728b)  -> (artifact id: '135c325cc6502043e0295f8f780cf4aa') in 0.018724 seconds
Number of updated asset objects reloaded before import = 0
Number of asset objects unloaded after import = 11
========================================================================
Received Import Request.
  Time since last request: 0.385942 seconds.
  path: Assets/PolygonWar/Prefabs/Environments/SM_Env_StoneWall_Rubble_04.prefab
  artifactKey: Guid(7d8d31b1c61a40b46ae91ed61b8b2e32) Importer(815301076,1909f56bfc062723c751e8b465ee728b)
Start importing Assets/PolygonWar/Prefabs/Environments/SM_Env_StoneWall_Rubble_04.prefab using Guid(7d8d31b1c61a40b46ae91ed61b8b2e32) Importer(815301076,1909f56bfc062723c751e8b465ee728b)  -> (artifact id: '31327c94983c9821b6bcc425f6438272') in 0.020809 seconds
Number of updated asset objects reloaded before import = 0
Number of asset objects unloaded after import = 11
========================================================================
Received Import Request.
  Time since last request: 0.000024 seconds.
  path: Assets/PolygonWar/Prefabs/Environments/SM_Env_Tree_02.prefab
  artifactKey: Guid(215ef3b148e692b49a3ac46988ad67ba) Importer(815301076,1909f56bfc062723c751e8b465ee728b)
Start importing Assets/PolygonWar/Prefabs/Environments/SM_Env_Tree_02.prefab using Guid(215ef3b148e692b49a3ac46988ad67ba) Importer(815301076,1909f56bfc062723c751e8b465ee728b)  -> (artifact id: '3b5ddb7350fe531856f9a512a92cccef') in 0.021031 seconds
Number of updated asset objects reloaded before import = 0
Number of asset objects unloaded after import = 15
========================================================================
Received Import Request.
  Time since last request: 0.032024 seconds.
  path: Assets/PolygonWar/Prefabs/Environments/SM_Env_Tree_Branch_01.prefab
  artifactKey: Guid(cccc7c28482c0fc438fbf353b43c5ef1) Importer(815301076,1909f56bfc062723c751e8b465ee728b)
Start importing Assets/PolygonWar/Prefabs/Environments/SM_Env_Tree_Branch_01.prefab using Guid(cccc7c28482c0fc438fbf353b43c5ef1) Importer(815301076,1909f56bfc062723c751e8b465ee728b)  -> (artifact id: '2f95727a448b1440e85c1e5edac49786') in 0.019485 seconds
Number of updated asset objects reloaded before import = 0
Number of asset objects unloaded after import = 11
Editor requested this worker to shutdown with reason: Scaling down because of idle timeout
TcpMessagingSession - receive error: operation aborted. errorcode: 995, details: The I/O operation has been aborted because of either a thread exit or an application request.
AssetImportWorker is now disconnected from the server
Process exiting
Exiting without the bug reporter. Application will terminate with return code 0