Using pre-set license
Built from '2022.3/staging' branch; Version is '2022.3.8f1 (b5eafc012955) revision 11922172'; Using compiler version '192829333'; Build Type 'Release'
OS: 'Windows 11  (10.0.22631) 64bit Professional' Language: 'en' Physical Memory: 16320 MB
BatchMode: 1, IsHumanControllingUs: 0, StartBugReporterOnCrash: 0, Is64bit: 1, IsPro: 1

COMMAND LINE ARGUMENTS:
C:\Game.Development\2022.3.8f1\Editor\Unity.exe
-adb2
-batchMode
-noUpm
-name
AssetImportWorker4
-projectPath
C:/Game.Development/The WW2
-logFile
Logs/AssetImportWorker4.log
-srvPort
50235
Successfully changed project path to: C:/Game.Development/The WW2
C:/Game.Development/The WW2
[UnityMemory] Configuration Parameters - Can be set up in boot.config
    "memorysetup-bucket-allocator-granularity=16"
    "memorysetup-bucket-allocator-bucket-count=8"
    "memorysetup-bucket-allocator-block-size=33554432"
    "memorysetup-bucket-allocator-block-count=8"
    "memorysetup-main-allocator-block-size=16777216"
    "memorysetup-thread-allocator-block-size=16777216"
    "memorysetup-gfx-main-allocator-block-size=16777216"
    "memorysetup-gfx-thread-allocator-block-size=16777216"
    "memorysetup-cache-allocator-block-size=4194304"
    "memorysetup-typetree-allocator-block-size=2097152"
    "memorysetup-profiler-bucket-allocator-granularity=16"
    "memorysetup-profiler-bucket-allocator-bucket-count=8"
    "memorysetup-profiler-bucket-allocator-block-size=33554432"
    "memorysetup-profiler-bucket-allocator-block-count=8"
    "memorysetup-profiler-allocator-block-size=16777216"
    "memorysetup-profiler-editor-allocator-block-size=1048576"
    "memorysetup-temp-allocator-size-main=16777216"
    "memorysetup-job-temp-allocator-block-size=2097152"
    "memorysetup-job-temp-allocator-block-size-background=1048576"
    "memorysetup-job-temp-allocator-reduction-small-platforms=262144"
    "memorysetup-allocator-temp-initial-block-size-main=262144"
    "memorysetup-allocator-temp-initial-block-size-worker=262144"
    "memorysetup-temp-allocator-size-background-worker=32768"
    "memorysetup-temp-allocator-size-job-worker=262144"
    "memorysetup-temp-allocator-size-preload-manager=33554432"
    "memorysetup-temp-allocator-size-nav-mesh-worker=65536"
    "memorysetup-temp-allocator-size-audio-worker=65536"
    "memorysetup-temp-allocator-size-cloud-worker=32768"
    "memorysetup-temp-allocator-size-gi-baking-worker=262144"
    "memorysetup-temp-allocator-size-gfx=262144"
Player connection [21328] Host "[IP] 192.168.1.13 [Port] 0 [Flags] 2 [Guid] 494177198 [EditorId] 494177198 [Version] 1048832 [Id] WindowsEditor(7,DoubleYou) [Debug] 1 [PackageName] WindowsEditor [ProjectName] Editor" joined multi-casting on [225.0.0.222:54997]...

Player connection [21328] Host "[IP] 192.168.1.13 [Port] 0 [Flags] 2 [Guid] 494177198 [EditorId] 494177198 [Version] 1048832 [Id] WindowsEditor(7,DoubleYou) [Debug] 1 [PackageName] WindowsEditor [ProjectName] Editor" joined alternative multi-casting on [225.0.0.222:34997]...

[Physics::Module] Initialized MultithreadedJobDispatcher with 15 workers.
Refreshing native plugins compatible for Editor in 10.22 ms, found 3 plugins.
Preloading 0 native plugins for Editor in 0.00 ms.
Initialize engine version: 2022.3.8f1 (b5eafc012955)
[Subsystems] Discovering subsystems at path C:/Game.Development/2022.3.8f1/Editor/Data/Resources/UnitySubsystems
[Subsystems] Discovering subsystems at path C:/Game.Development/The WW2/Assets
GfxDevice: creating device client; threaded=0; jobified=0
Direct3D:
    Version:  Direct3D 11.0 [level 11.1]
    Renderer: NVIDIA GeForce GTX 1070 (ID=0x1b81)
    Vendor:   NVIDIA
    VRAM:     8067 MB
    Driver:   31.0.15.5161
Initialize mono
Mono path[0] = 'C:/Game.Development/2022.3.8f1/Editor/Data/Managed'
Mono path[1] = 'C:/Game.Development/2022.3.8f1/Editor/Data/MonoBleedingEdge/lib/mono/unityjit-win32'
Mono config path = 'C:/Game.Development/2022.3.8f1/Editor/Data/MonoBleedingEdge/etc'
Using monoOptions --debugger-agent=transport=dt_socket,embedding=1,server=y,suspend=n,address=127.0.0.1:56264
Begin MonoManager ReloadAssembly
Registering precompiled unity dll's ...
Register platform support module: C:/Game.Development/2022.3.8f1/Editor/Data/PlaybackEngines/AndroidPlayer/UnityEditor.Android.Extensions.dll
Register platform support module: C:/Game.Development/2022.3.8f1/Editor/Data/PlaybackEngines/WindowsStandaloneSupport/UnityEditor.WindowsStandalone.Extensions.dll
Register platform support module: C:/Game.Development/2022.3.8f1/Editor/Data/PlaybackEngines/MetroSupport/UnityEditor.UWP.Extensions.dll
Registered in 0.010588 seconds.
- Loaded All Assemblies, in  0.478 seconds
Native extension for UWP target not found
Native extension for WindowsStandalone target not found
Native extension for Android target not found
Android Extension - Scanning For ADB Devices 282 ms
Mono: successfully reloaded assembly
- Finished resetting the current domain, in  0.699 seconds
Domain Reload Profiling: 1174ms
	BeginReloadAssembly (141ms)
		ExecutionOrderSort (0ms)
		DisableScriptedObjects (0ms)
		BackupInstance (0ms)
		ReleaseScriptingObjects (0ms)
		CreateAndSetChildDomain (1ms)
	RebuildCommonClasses (47ms)
	RebuildNativeTypeToScriptingClass (14ms)
	initialDomainReloadingComplete (81ms)
	LoadAllAssembliesAndSetupDomain (193ms)
		LoadAssemblies (139ms)
		RebuildTransferFunctionScriptingTraits (0ms)
		AnalyzeDomain (189ms)
			TypeCache.Refresh (188ms)
				TypeCache.ScanAssembly (172ms)
			ScanForSourceGeneratedMonoScriptInfo (0ms)
			ResolveRequiredComponents (1ms)
	FinalizeReload (700ms)
		ReleaseScriptCaches (0ms)
		RebuildScriptCaches (0ms)
		SetupLoadedEditorAssemblies (625ms)
			LogAssemblyErrors (0ms)
			InitializePlatformSupportModulesInManaged (435ms)
			SetLoadedEditorAssemblies (4ms)
			RefreshPlugins (0ms)
			BeforeProcessingInitializeOnLoad (3ms)
			ProcessInitializeOnLoadAttributes (125ms)
			ProcessInitializeOnLoadMethodAttributes (58ms)
			AfterProcessingInitializeOnLoad (0ms)
			EditorAssembliesLoaded (0ms)
		ExecutionOrderSort2 (0ms)
		AwakeInstancesAfterBackupRestoration (0ms)
========================================================================
Worker process is ready to serve import requests
Begin MonoManager ReloadAssembly
- Loaded All Assemblies, in  0.778 seconds
Refreshing native plugins compatible for Editor in 3.68 ms, found 3 plugins.
Native extension for UWP target not found
Native extension for WindowsStandalone target not found
Native extension for Android target not found
Package Manager log level set to [2]
[Package Manager] Server::EnsureServerProcessIsRunning -- launch failed, reason: Unity was launched with the -noUpm command-line argument
[Package Manager] UpmClient::Send -- Unable to send message (not connected to UPM process).
[Package Manager] Cannot connect to Unity Package Manager local server
Mono: successfully reloaded assembly
- Finished resetting the current domain, in  0.961 seconds
Domain Reload Profiling: 1735ms
	BeginReloadAssembly (178ms)
		ExecutionOrderSort (0ms)
		DisableScriptedObjects (7ms)
		BackupInstance (0ms)
		ReleaseScriptingObjects (0ms)
		CreateAndSetChildDomain (23ms)
	RebuildCommonClasses (43ms)
	RebuildNativeTypeToScriptingClass (14ms)
	initialDomainReloadingComplete (54ms)
	LoadAllAssembliesAndSetupDomain (485ms)
		LoadAssemblies (362ms)
		RebuildTransferFunctionScriptingTraits (0ms)
		AnalyzeDomain (229ms)
			TypeCache.Refresh (202ms)
				TypeCache.ScanAssembly (184ms)
			ScanForSourceGeneratedMonoScriptInfo (20ms)
			ResolveRequiredComponents (6ms)
	FinalizeReload (962ms)
		ReleaseScriptCaches (0ms)
		RebuildScriptCaches (0ms)
		SetupLoadedEditorAssemblies (744ms)
			LogAssemblyErrors (0ms)
			InitializePlatformSupportModulesInManaged (31ms)
			SetLoadedEditorAssemblies (5ms)
			RefreshPlugins (0ms)
			BeforeProcessingInitializeOnLoad (77ms)
			ProcessInitializeOnLoadAttributes (598ms)
			ProcessInitializeOnLoadMethodAttributes (23ms)
			AfterProcessingInitializeOnLoad (9ms)
			EditorAssembliesLoaded (0ms)
		ExecutionOrderSort2 (0ms)
		AwakeInstancesAfterBackupRestoration (8ms)
Launched and connected shader compiler UnityShaderCompiler.exe after 0.05 seconds
Refreshing native plugins compatible for Editor in 3.69 ms, found 3 plugins.
Preloading 0 native plugins for Editor in 0.00 ms.
Unloading 3290 Unused Serialized files (Serialized files now loaded: 0)
Unloading 44 unused Assets / (129.7 KB). Loaded Objects now: 3757.
Memory consumption went from 127.4 MB to 127.2 MB.
Total: 4.397800 ms (FindLiveObjects: 0.326500 ms CreateObjectMapping: 0.096800 ms MarkObjects: 3.845500 ms  DeleteObjects: 0.128000 ms)

AssetImportParameters requested are different than current active one (requested -> active):
  custom:container-demuxer-ogg: 62fdf1f143b41e24485cea50d1cbac27 -> 
  custom:video-codec-MediaFoundation-h265: 746d11721c4dcdbdad8f713fa42b33f4 -> 
  custom:video-decoder-ogg-theora: a1e56fd34408186e4bbccfd4996cb3dc -> 
  custom:framework-win-MediaFoundation: 216162199b28c13a410421893ffa2e32 -> 
  custom:CustomObjectIndexerAttribute: 756ad292c208cfabdd7b50bc23989ffe -> 
  custom:container-demuxer-webm: 4f35f7cbe854078d1ac9338744f61a02 -> 
  custom:container-muxer-webm: aa71ff27fc2769a1b78a27578f13a17b -> 
  custom:video-decoder-webm-vp8: 9c59270c3fd7afecdb556c50c9e8de78 -> 
  custom:SearchIndexIgnoredProperties: e643bd26f0fe6173181afceb89e7c659 -> 
  custom:AudioImporter_EditorPlatform: d09bf68614088b80899f8185d706f6e7 -> 
  custom:video-encoder-webm-vp8: eb34c28f22e8b96e1ab97ce403110664 -> 
  custom:audio-decoder-ogg-vorbis: bf7c407c2cedff20999df2af8eb42d56 -> 
  custom:audio-encoder-webm-vorbis: bf7c407c2cedff20999df2af8eb42d56 -> 
========================================================================
Received Import Request.
  Time since last request: 2774.635131 seconds.
  path: Assets/PolygonWar/Prefabs/Environments/SM_Env_Crater_Multiple_02.prefab
  artifactKey: Guid(6c0cf738597e4c341a79f0cfd8587169) Importer(815301076,1909f56bfc062723c751e8b465ee728b)
Start importing Assets/PolygonWar/Prefabs/Environments/SM_Env_Crater_Multiple_02.prefab using Guid(6c0cf738597e4c341a79f0cfd8587169) Importer(815301076,1909f56bfc062723c751e8b465ee728b)  -> (artifact id: '063c1296ef91b8cf3029642e41012ebb') in 0.119563 seconds
Number of updated asset objects reloaded before import = 0
Number of asset objects unloaded after import = 10
========================================================================
Received Import Request.
  Time since last request: 0.279688 seconds.
  path: Assets/PolygonWar/Prefabs/Environments/SM_Env_Dirt_Mound_Large_02.prefab
  artifactKey: Guid(224ae92c1357edd4987ed7c71dd93443) Importer(815301076,1909f56bfc062723c751e8b465ee728b)
Start importing Assets/PolygonWar/Prefabs/Environments/SM_Env_Dirt_Mound_Large_02.prefab using Guid(224ae92c1357edd4987ed7c71dd93443) Importer(815301076,1909f56bfc062723c751e8b465ee728b)  -> (artifact id: '5791d7b8c7cffeb682196c916305a39c') in 0.021629 seconds
Number of updated asset objects reloaded before import = 0
Number of asset objects unloaded after import = 10
========================================================================
Received Import Request.
  Time since last request: 0.051752 seconds.
  path: Assets/PolygonWar/Prefabs/Environments/SM_Env_FarmRows_03.prefab
  artifactKey: Guid(8ca3e9a5ecb2361449a2ab90e174a197) Importer(815301076,1909f56bfc062723c751e8b465ee728b)
Start importing Assets/PolygonWar/Prefabs/Environments/SM_Env_FarmRows_03.prefab using Guid(8ca3e9a5ecb2361449a2ab90e174a197) Importer(815301076,1909f56bfc062723c751e8b465ee728b)  -> (artifact id: 'a61cdaf5d8db5e33546c65a9faa784a5') in 0.020325 seconds
Number of updated asset objects reloaded before import = 0
Number of asset objects unloaded after import = 10
========================================================================
Received Import Request.
  Time since last request: 0.933449 seconds.
  path: Assets/PolygonWar/Prefabs/Environments/SM_Env_Grass_Mound_Ramp_01.prefab
  artifactKey: Guid(8ae3a29d28cdeaa469684d278b71b696) Importer(815301076,1909f56bfc062723c751e8b465ee728b)
Start importing Assets/PolygonWar/Prefabs/Environments/SM_Env_Grass_Mound_Ramp_01.prefab using Guid(8ae3a29d28cdeaa469684d278b71b696) Importer(815301076,1909f56bfc062723c751e8b465ee728b)  -> (artifact id: 'e7f0233b99c7c36996d9f78aeb8d61a9') in 0.019241 seconds
Number of updated asset objects reloaded before import = 0
Number of asset objects unloaded after import = 10
========================================================================
Received Import Request.
  Time since last request: 0.022575 seconds.
  path: Assets/PolygonWar/Prefabs/Environments/SM_Env_Hedge_Bush_03.prefab
  artifactKey: Guid(512ac21e21ad7ff4494778b36511e83c) Importer(815301076,1909f56bfc062723c751e8b465ee728b)
Start importing Assets/PolygonWar/Prefabs/Environments/SM_Env_Hedge_Bush_03.prefab using Guid(512ac21e21ad7ff4494778b36511e83c) Importer(815301076,1909f56bfc062723c751e8b465ee728b)  -> (artifact id: 'f8ed91d947c7ebe3fba1550197ab3828') in 0.021998 seconds
Number of updated asset objects reloaded before import = 0
Number of asset objects unloaded after import = 11
========================================================================
Received Import Request.
  Time since last request: 0.759728 seconds.
  path: Assets/PolygonWar/Prefabs/Environments/SM_Env_Runway_01.prefab
  artifactKey: Guid(859b6086b797a9d48ba89b289a7b509e) Importer(815301076,1909f56bfc062723c751e8b465ee728b)
Start importing Assets/PolygonWar/Prefabs/Environments/SM_Env_Runway_01.prefab using Guid(859b6086b797a9d48ba89b289a7b509e) Importer(815301076,1909f56bfc062723c751e8b465ee728b)  -> (artifact id: '48e236eecd7ad6c3680e92a77c47d7dd') in 0.027301 seconds
Number of updated asset objects reloaded before import = 0
Number of asset objects unloaded after import = 10
========================================================================
Received Import Request.
  Time since last request: 0.010960 seconds.
  path: Assets/PolygonWar/Prefabs/Environments/SM_Env_Sandbag_04.prefab
  artifactKey: Guid(f934b6cfcb66ea94d9402bbcc083f8b9) Importer(815301076,1909f56bfc062723c751e8b465ee728b)
Start importing Assets/PolygonWar/Prefabs/Environments/SM_Env_Sandbag_04.prefab using Guid(f934b6cfcb66ea94d9402bbcc083f8b9) Importer(815301076,1909f56bfc062723c751e8b465ee728b)  -> (artifact id: 'd1ee545c683c53c7626e7854114541da') in 0.017177 seconds
Number of updated asset objects reloaded before import = 0
Number of asset objects unloaded after import = 11
========================================================================
Received Import Request.
  Time since last request: 0.000032 seconds.
  path: Assets/PolygonWar/Prefabs/Environments/SM_Env_Sandbag_Wall_02.prefab
  artifactKey: Guid(622599c83103abd419883699ed85d093) Importer(815301076,1909f56bfc062723c751e8b465ee728b)
Start importing Assets/PolygonWar/Prefabs/Environments/SM_Env_Sandbag_Wall_02.prefab using Guid(622599c83103abd419883699ed85d093) Importer(815301076,1909f56bfc062723c751e8b465ee728b)  -> (artifact id: '5d299d0607c8d01789148e9f3d2040ae') in 0.020124 seconds
Number of updated asset objects reloaded before import = 0
Number of asset objects unloaded after import = 11
========================================================================
Received Import Request.
  Time since last request: 0.009371 seconds.
  path: Assets/PolygonWar/Prefabs/Environments/SM_Env_Sandbag_Wall_03.prefab
  artifactKey: Guid(90eccc11ca3e6bd469929122abb08050) Importer(815301076,1909f56bfc062723c751e8b465ee728b)
Start importing Assets/PolygonWar/Prefabs/Environments/SM_Env_Sandbag_Wall_03.prefab using Guid(90eccc11ca3e6bd469929122abb08050) Importer(815301076,1909f56bfc062723c751e8b465ee728b)  -> (artifact id: '21d93155fc3c13d430ba0eaa7bad5c3c') in 0.016116 seconds
Number of updated asset objects reloaded before import = 0
Number of asset objects unloaded after import = 11
========================================================================
Received Import Request.
  Time since last request: 0.000048 seconds.
  path: Assets/PolygonWar/Prefabs/Environments/SM_Env_StoneWall_Rubble_01.prefab
  artifactKey: Guid(3d9a43927361a13478cba801affcffb4) Importer(815301076,1909f56bfc062723c751e8b465ee728b)
Start importing Assets/PolygonWar/Prefabs/Environments/SM_Env_StoneWall_Rubble_01.prefab using Guid(3d9a43927361a13478cba801affcffb4) Importer(815301076,1909f56bfc062723c751e8b465ee728b)  -> (artifact id: 'b25b5035ad1c22cdaf92e84a1ad4e605') in 0.021202 seconds
Number of updated asset objects reloaded before import = 0
Number of asset objects unloaded after import = 11
========================================================================
Received Import Request.
  Time since last request: 0.000044 seconds.
  path: Assets/PolygonWar/Prefabs/Environments/SM_Env_StoneWall_01.prefab
  artifactKey: Guid(7bd33389c6d2ca445bce59bb990d0f55) Importer(815301076,1909f56bfc062723c751e8b465ee728b)
Start importing Assets/PolygonWar/Prefabs/Environments/SM_Env_StoneWall_01.prefab using Guid(7bd33389c6d2ca445bce59bb990d0f55) Importer(815301076,1909f56bfc062723c751e8b465ee728b)  -> (artifact id: 'fcd80a60edde23c1480468af2cebf3d8') in 0.019502 seconds
Number of updated asset objects reloaded before import = 0
Number of asset objects unloaded after import = 11
========================================================================
Received Import Request.
  Time since last request: 0.373362 seconds.
  path: Assets/PolygonWar/Prefabs/Environments/SM_Env_StoneWall_Rubble_02.prefab
  artifactKey: Guid(e905a2ed20075a841b04047a9938e2b4) Importer(815301076,1909f56bfc062723c751e8b465ee728b)
Start importing Assets/PolygonWar/Prefabs/Environments/SM_Env_StoneWall_Rubble_02.prefab using Guid(e905a2ed20075a841b04047a9938e2b4) Importer(815301076,1909f56bfc062723c751e8b465ee728b)  -> (artifact id: 'e137e2f4d12b28cbb4896ef8e88f9f81') in 0.024393 seconds
Number of updated asset objects reloaded before import = 0
Number of asset objects unloaded after import = 11
========================================================================
Received Import Request.
  Time since last request: 0.000021 seconds.
  path: Assets/PolygonWar/Prefabs/Environments/SM_Env_Tree_Background_Patch_02.prefab
  artifactKey: Guid(5b640edfd493a4e46a726bf98cca0c81) Importer(815301076,1909f56bfc062723c751e8b465ee728b)
Start importing Assets/PolygonWar/Prefabs/Environments/SM_Env_Tree_Background_Patch_02.prefab using Guid(5b640edfd493a4e46a726bf98cca0c81) Importer(815301076,1909f56bfc062723c751e8b465ee728b)  -> (artifact id: 'fc33f870634ea9425392696c8ec01698') in 0.019952 seconds
Number of updated asset objects reloaded before import = 0
Number of asset objects unloaded after import = 15
========================================================================
Received Import Request.
  Time since last request: 0.000027 seconds.
  path: Assets/PolygonWar/Prefabs/Environments/SM_Env_StoneWall_Single_02.prefab
  artifactKey: Guid(d988e2611bd69434bab4a6de77c6457d) Importer(815301076,1909f56bfc062723c751e8b465ee728b)
Start importing Assets/PolygonWar/Prefabs/Environments/SM_Env_StoneWall_Single_02.prefab using Guid(d988e2611bd69434bab4a6de77c6457d) Importer(815301076,1909f56bfc062723c751e8b465ee728b)  -> (artifact id: 'f248dcf9842c22810bd4d4fda62c126e') in 0.018505 seconds
Number of updated asset objects reloaded before import = 0
Number of asset objects unloaded after import = 11
========================================================================
Received Import Request.
  Time since last request: 0.015313 seconds.
  path: Assets/PolygonWar/Prefabs/Environments/SM_Env_Tree_Background_Patch_03.prefab
  artifactKey: Guid(3ddd865d3b46be342809a1dc5eda7d48) Importer(815301076,1909f56bfc062723c751e8b465ee728b)
Start importing Assets/PolygonWar/Prefabs/Environments/SM_Env_Tree_Background_Patch_03.prefab using Guid(3ddd865d3b46be342809a1dc5eda7d48) Importer(815301076,1909f56bfc062723c751e8b465ee728b)  -> (artifact id: 'f288315a4570d5d7edcac8c3feb53a64') in 0.020134 seconds
Number of updated asset objects reloaded before import = 0
Number of asset objects unloaded after import = 15
========================================================================
Received Import Request.
  Time since last request: 0.000025 seconds.
  path: Assets/PolygonWar/Prefabs/Environments/SM_Env_Tree_Branch_03.prefab
  artifactKey: Guid(c3771aae1c3cd824b8f7f8b371d6b7be) Importer(815301076,1909f56bfc062723c751e8b465ee728b)
Start importing Assets/PolygonWar/Prefabs/Environments/SM_Env_Tree_Branch_03.prefab using Guid(c3771aae1c3cd824b8f7f8b371d6b7be) Importer(815301076,1909f56bfc062723c751e8b465ee728b)  -> (artifact id: 'ea782ec65809118ce076d2b6c61525e0') in 0.015426 seconds
Number of updated asset objects reloaded before import = 0
Number of asset objects unloaded after import = 11
========================================================================
Received Import Request.
  Time since last request: 74.794779 seconds.
  path: Assets/EnemySoldierAI.cs
  artifactKey: Guid(e4eeb2adc2ab3de4f9b58c44a05875a6) Importer(815301076,1909f56bfc062723c751e8b465ee728b)
Start importing Assets/EnemySoldierAI.cs using Guid(e4eeb2adc2ab3de4f9b58c44a05875a6) Importer(815301076,1909f56bfc062723c751e8b465ee728b)  -> (artifact id: '44cc19bb651de7a29e471fdaf73d0fcd') in 0.000734 seconds
Number of updated asset objects reloaded before import = 0
Number of asset objects unloaded after import = 0
========================================================================
Received Import Request.
  Time since last request: 14.911535 seconds.
  path: Assets/EnemySoldierAI.cs
  artifactKey: Guid(e4eeb2adc2ab3de4f9b58c44a05875a6) Importer(815301076,1909f56bfc062723c751e8b465ee728b)
Start importing Assets/EnemySoldierAI.cs using Guid(e4eeb2adc2ab3de4f9b58c44a05875a6) Importer(815301076,1909f56bfc062723c751e8b465ee728b)  -> (artifact id: '57eaf605d7da7460dc0d4d40afc0b9ca') in 0.000649 seconds
Number of updated asset objects reloaded before import = 0
Number of asset objects unloaded after import = 0
========================================================================
Received Prepare
Begin MonoManager ReloadAssembly
- Loaded All Assemblies, in  0.543 seconds
Refreshing native plugins compatible for Editor in 3.70 ms, found 3 plugins.
Native extension for UWP target not found
Native extension for WindowsStandalone target not found
Native extension for Android target not found
[Package Manager] Server::EnsureServerProcessIsRunning -- launch failed, reason: Unity was launched with the -noUpm command-line argument
[Package Manager] UpmClient::Send -- Unable to send message (not connected to UPM process).
[Package Manager] Cannot connect to Unity Package Manager local server
Mono: successfully reloaded assembly
- Finished resetting the current domain, in  1.419 seconds
Domain Reload Profiling: 1958ms
	BeginReloadAssembly (193ms)
		ExecutionOrderSort (0ms)
		DisableScriptedObjects (7ms)
		BackupInstance (0ms)
		ReleaseScriptingObjects (0ms)
		CreateAndSetChildDomain (47ms)
	RebuildCommonClasses (48ms)
	RebuildNativeTypeToScriptingClass (18ms)
	initialDomainReloadingComplete (36ms)
	LoadAllAssembliesAndSetupDomain (244ms)
		LoadAssemblies (316ms)
		RebuildTransferFunctionScriptingTraits (0ms)
		AnalyzeDomain (26ms)
			TypeCache.Refresh (9ms)
				TypeCache.ScanAssembly (0ms)
			ScanForSourceGeneratedMonoScriptInfo (9ms)
			ResolveRequiredComponents (7ms)
	FinalizeReload (1419ms)
		ReleaseScriptCaches (0ms)
		RebuildScriptCaches (0ms)
		SetupLoadedEditorAssemblies (702ms)
			LogAssemblyErrors (0ms)
			InitializePlatformSupportModulesInManaged (31ms)
			SetLoadedEditorAssemblies (6ms)
			RefreshPlugins (0ms)
			BeforeProcessingInitializeOnLoad (78ms)
			ProcessInitializeOnLoadAttributes (556ms)
			ProcessInitializeOnLoadMethodAttributes (23ms)
			AfterProcessingInitializeOnLoad (8ms)
			EditorAssembliesLoaded (0ms)
		ExecutionOrderSort2 (0ms)
		AwakeInstancesAfterBackupRestoration (8ms)
Refreshing native plugins compatible for Editor in 3.87 ms, found 3 plugins.
Preloading 0 native plugins for Editor in 0.00 ms.
Unloading 3279 Unused Serialized files (Serialized files now loaded: 0)
Unloading 23 unused Assets / (101.8 KB). Loaded Objects now: 3779.
Memory consumption went from 124.7 MB to 124.6 MB.
Total: 4.046400 ms (FindLiveObjects: 0.282800 ms CreateObjectMapping: 0.097000 ms MarkObjects: 3.603900 ms  DeleteObjects: 0.061700 ms)

Prepare: number of updated asset objects reloaded= 0
AssetImportParameters requested are different than current active one (requested -> active):
  custom:container-demuxer-ogg: 62fdf1f143b41e24485cea50d1cbac27 -> 
  custom:video-codec-MediaFoundation-h265: 746d11721c4dcdbdad8f713fa42b33f4 -> 
  custom:video-decoder-ogg-theora: a1e56fd34408186e4bbccfd4996cb3dc -> 
  custom:framework-win-MediaFoundation: 216162199b28c13a410421893ffa2e32 -> 
  custom:CustomObjectIndexerAttribute: 756ad292c208cfabdd7b50bc23989ffe -> 
  custom:container-demuxer-webm: 4f35f7cbe854078d1ac9338744f61a02 -> 
  custom:container-muxer-webm: aa71ff27fc2769a1b78a27578f13a17b -> 
  custom:video-decoder-webm-vp8: 9c59270c3fd7afecdb556c50c9e8de78 -> 
  custom:SearchIndexIgnoredProperties: e643bd26f0fe6173181afceb89e7c659 -> 
  custom:AudioImporter_EditorPlatform: d09bf68614088b80899f8185d706f6e7 -> 
  custom:video-encoder-webm-vp8: eb34c28f22e8b96e1ab97ce403110664 -> 
  custom:audio-decoder-ogg-vorbis: bf7c407c2cedff20999df2af8eb42d56 -> 
  custom:audio-encoder-webm-vorbis: bf7c407c2cedff20999df2af8eb42d56 -> 
========================================================================
Received Import Request.
  Time since last request: 118.894904 seconds.
  path: ProjectSettings/TagManager.asset
  artifactKey: Guid(00000000000000003000000000000000) Importer(815301076,1909f56bfc062723c751e8b465ee728b)
Start importing ProjectSettings/TagManager.asset using Guid(00000000000000003000000000000000) Importer(815301076,1909f56bfc062723c751e8b465ee728b)  -> (artifact id: 'fc14d1bdd46bff7d5f15ba228e33a3ec') in 0.013473 seconds
Number of updated asset objects reloaded before import = 0
Number of asset objects unloaded after import = 0
========================================================================
Received Import Request.
  Time since last request: 405.043577 seconds.
  path: ProjectSettings/TagManager.asset
  artifactKey: Guid(00000000000000003000000000000000) Importer(815301076,1909f56bfc062723c751e8b465ee728b)
Start importing ProjectSettings/TagManager.asset using Guid(00000000000000003000000000000000) Importer(815301076,1909f56bfc062723c751e8b465ee728b)  -> (artifact id: '594ef5966c8aaec9ee2924439a26468b') in 0.001009 seconds
Number of updated asset objects reloaded before import = 0
Number of asset objects unloaded after import = 0
========================================================================
Received Import Request.
  Time since last request: 9476.891439 seconds.
  path: Assets/SoldierScript.cs
  artifactKey: Guid(fc1d366f908524b47bbf9b0de61516dd) Importer(815301076,1909f56bfc062723c751e8b465ee728b)
Start importing Assets/SoldierScript.cs using Guid(fc1d366f908524b47bbf9b0de61516dd) Importer(815301076,1909f56bfc062723c751e8b465ee728b)  -> (artifact id: '93237b32bd04b400216fab917e335932') in 0.008350 seconds
Number of updated asset objects reloaded before import = 0
Number of asset objects unloaded after import = 0
========================================================================
Received Import Request.
  Time since last request: 47.629951 seconds.
  path: Assets/PolygonWar/Prefabs/Environments
  artifactKey: Guid(da7c212b6eb32104484fd770fffa77e4) Importer(815301076,1909f56bfc062723c751e8b465ee728b)
Start importing Assets/PolygonWar/Prefabs/Environments using Guid(da7c212b6eb32104484fd770fffa77e4) Importer(815301076,1909f56bfc062723c751e8b465ee728b)  -> (artifact id: '5586f42060db124ff2a3367c2f267c65') in 0.000938 seconds
Number of updated asset objects reloaded before import = 0
Number of asset objects unloaded after import = 0
========================================================================
Received Prepare
Begin MonoManager ReloadAssembly
- Loaded All Assemblies, in  1.179 seconds
Refreshing native plugins compatible for Editor in 4.16 ms, found 3 plugins.
Native extension for UWP target not found
Native extension for WindowsStandalone target not found
Native extension for Android target not found
[Package Manager] Server::EnsureServerProcessIsRunning -- launch failed, reason: Unity was launched with the -noUpm command-line argument
[Package Manager] UpmClient::Send -- Unable to send message (not connected to UPM process).
[Package Manager] Cannot connect to Unity Package Manager local server
Mono: successfully reloaded assembly
- Finished resetting the current domain, in  1.622 seconds
Domain Reload Profiling: 2798ms
	BeginReloadAssembly (451ms)
		ExecutionOrderSort (0ms)
		DisableScriptedObjects (16ms)
		BackupInstance (0ms)
		ReleaseScriptingObjects (0ms)
		CreateAndSetChildDomain (233ms)
	RebuildCommonClasses (77ms)
	RebuildNativeTypeToScriptingClass (16ms)
	initialDomainReloadingComplete (55ms)
	LoadAllAssembliesAndSetupDomain (577ms)
		LoadAssemblies (672ms)
		RebuildTransferFunctionScriptingTraits (0ms)
		AnalyzeDomain (37ms)
			TypeCache.Refresh (15ms)
				TypeCache.ScanAssembly (0ms)
			ScanForSourceGeneratedMonoScriptInfo (11ms)
			ResolveRequiredComponents (9ms)
	FinalizeReload (1623ms)
		ReleaseScriptCaches (0ms)
		RebuildScriptCaches (0ms)
		SetupLoadedEditorAssemblies (854ms)
			LogAssemblyErrors (0ms)
			InitializePlatformSupportModulesInManaged (39ms)
			SetLoadedEditorAssemblies (6ms)
			RefreshPlugins (0ms)
			BeforeProcessingInitializeOnLoad (103ms)
			ProcessInitializeOnLoadAttributes (671ms)
			ProcessInitializeOnLoadMethodAttributes (25ms)
			AfterProcessingInitializeOnLoad (9ms)
			EditorAssembliesLoaded (0ms)
		ExecutionOrderSort2 (0ms)
		AwakeInstancesAfterBackupRestoration (7ms)
Refreshing native plugins compatible for Editor in 4.23 ms, found 3 plugins.
Preloading 0 native plugins for Editor in 0.00 ms.
Unloading 3279 Unused Serialized files (Serialized files now loaded: 0)
Unloading 23 unused Assets / (101.9 KB). Loaded Objects now: 3794.
Memory consumption went from 124.7 MB to 124.6 MB.
Total: 5.109100 ms (FindLiveObjects: 0.333800 ms CreateObjectMapping: 0.100100 ms MarkObjects: 4.575700 ms  DeleteObjects: 0.097700 ms)

Prepare: number of updated asset objects reloaded= 0
AssetImportParameters requested are different than current active one (requested -> active):
  custom:container-demuxer-ogg: 62fdf1f143b41e24485cea50d1cbac27 -> 
  custom:video-codec-MediaFoundation-h265: 746d11721c4dcdbdad8f713fa42b33f4 -> 
  custom:video-decoder-ogg-theora: a1e56fd34408186e4bbccfd4996cb3dc -> 
  custom:framework-win-MediaFoundation: 216162199b28c13a410421893ffa2e32 -> 
  custom:CustomObjectIndexerAttribute: 756ad292c208cfabdd7b50bc23989ffe -> 
  custom:container-demuxer-webm: 4f35f7cbe854078d1ac9338744f61a02 -> 
  custom:container-muxer-webm: aa71ff27fc2769a1b78a27578f13a17b -> 
  custom:video-decoder-webm-vp8: 9c59270c3fd7afecdb556c50c9e8de78 -> 
  custom:SearchIndexIgnoredProperties: e643bd26f0fe6173181afceb89e7c659 -> 
  custom:AudioImporter_EditorPlatform: d09bf68614088b80899f8185d706f6e7 -> 
  custom:video-encoder-webm-vp8: eb34c28f22e8b96e1ab97ce403110664 -> 
  custom:audio-decoder-ogg-vorbis: bf7c407c2cedff20999df2af8eb42d56 -> 
  custom:audio-encoder-webm-vorbis: bf7c407c2cedff20999df2af8eb42d56 -> 
========================================================================
Received Prepare
Begin MonoManager ReloadAssembly
- Loaded All Assemblies, in  0.719 seconds
Refreshing native plugins compatible for Editor in 4.29 ms, found 3 plugins.
Native extension for UWP target not found
Native extension for WindowsStandalone target not found
Native extension for Android target not found
[Package Manager] Server::EnsureServerProcessIsRunning -- launch failed, reason: Unity was launched with the -noUpm command-line argument
[Package Manager] UpmClient::Send -- Unable to send message (not connected to UPM process).
[Package Manager] Cannot connect to Unity Package Manager local server
Mono: successfully reloaded assembly
- Finished resetting the current domain, in  1.513 seconds
Domain Reload Profiling: 2227ms
	BeginReloadAssembly (296ms)
		ExecutionOrderSort (0ms)
		DisableScriptedObjects (7ms)
		BackupInstance (0ms)
		ReleaseScriptingObjects (0ms)
		CreateAndSetChildDomain (41ms)
	RebuildCommonClasses (65ms)
	RebuildNativeTypeToScriptingClass (17ms)
	initialDomainReloadingComplete (41ms)
	LoadAllAssembliesAndSetupDomain (295ms)
		LoadAssemblies (477ms)
		RebuildTransferFunctionScriptingTraits (0ms)
		AnalyzeDomain (29ms)
			TypeCache.Refresh (10ms)
				TypeCache.ScanAssembly (0ms)
			ScanForSourceGeneratedMonoScriptInfo (9ms)
			ResolveRequiredComponents (8ms)
	FinalizeReload (1513ms)
		ReleaseScriptCaches (0ms)
		RebuildScriptCaches (0ms)
		SetupLoadedEditorAssemblies (792ms)
			LogAssemblyErrors (0ms)
			InitializePlatformSupportModulesInManaged (29ms)
			SetLoadedEditorAssemblies (5ms)
			RefreshPlugins (0ms)
			BeforeProcessingInitializeOnLoad (81ms)
			ProcessInitializeOnLoadAttributes (640ms)
			ProcessInitializeOnLoadMethodAttributes (27ms)
			AfterProcessingInitializeOnLoad (8ms)
			EditorAssembliesLoaded (0ms)
		ExecutionOrderSort2 (0ms)
		AwakeInstancesAfterBackupRestoration (7ms)
Refreshing native plugins compatible for Editor in 4.03 ms, found 3 plugins.
Preloading 0 native plugins for Editor in 0.00 ms.
Unloading 3280 Unused Serialized files (Serialized files now loaded: 0)
Unloading 23 unused Assets / (101.8 KB). Loaded Objects now: 3809.
Memory consumption went from 125.0 MB to 124.9 MB.
Total: 4.146100 ms (FindLiveObjects: 0.292900 ms CreateObjectMapping: 0.100100 ms MarkObjects: 3.684800 ms  DeleteObjects: 0.067200 ms)

Prepare: number of updated asset objects reloaded= 0
AssetImportParameters requested are different than current active one (requested -> active):
  custom:container-demuxer-ogg: 62fdf1f143b41e24485cea50d1cbac27 -> 
  custom:video-codec-MediaFoundation-h265: 746d11721c4dcdbdad8f713fa42b33f4 -> 
  custom:video-decoder-ogg-theora: a1e56fd34408186e4bbccfd4996cb3dc -> 
  custom:framework-win-MediaFoundation: 216162199b28c13a410421893ffa2e32 -> 
  custom:CustomObjectIndexerAttribute: 756ad292c208cfabdd7b50bc23989ffe -> 
  custom:container-demuxer-webm: 4f35f7cbe854078d1ac9338744f61a02 -> 
  custom:container-muxer-webm: aa71ff27fc2769a1b78a27578f13a17b -> 
  custom:video-decoder-webm-vp8: 9c59270c3fd7afecdb556c50c9e8de78 -> 
  custom:SearchIndexIgnoredProperties: e643bd26f0fe6173181afceb89e7c659 -> 
  custom:AudioImporter_EditorPlatform: d09bf68614088b80899f8185d706f6e7 -> 
  custom:video-encoder-webm-vp8: eb34c28f22e8b96e1ab97ce403110664 -> 
  custom:audio-decoder-ogg-vorbis: bf7c407c2cedff20999df2af8eb42d56 -> 
  custom:audio-encoder-webm-vorbis: bf7c407c2cedff20999df2af8eb42d56 -> 
========================================================================
Received Prepare
Begin MonoManager ReloadAssembly
- Loaded All Assemblies, in  0.721 seconds
Refreshing native plugins compatible for Editor in 4.61 ms, found 3 plugins.
Native extension for UWP target not found
Native extension for WindowsStandalone target not found
Native extension for Android target not found
[Package Manager] Server::EnsureServerProcessIsRunning -- launch failed, reason: Unity was launched with the -noUpm command-line argument
[Package Manager] UpmClient::Send -- Unable to send message (not connected to UPM process).
[Package Manager] Cannot connect to Unity Package Manager local server
Mono: successfully reloaded assembly
- Finished resetting the current domain, in  1.461 seconds
Domain Reload Profiling: 2178ms
	BeginReloadAssembly (200ms)
		ExecutionOrderSort (0ms)
		DisableScriptedObjects (10ms)
		BackupInstance (0ms)
		ReleaseScriptingObjects (0ms)
		CreateAndSetChildDomain (42ms)
	RebuildCommonClasses (50ms)
	RebuildNativeTypeToScriptingClass (16ms)
	initialDomainReloadingComplete (39ms)
	LoadAllAssembliesAndSetupDomain (412ms)
		LoadAssemblies (486ms)
		RebuildTransferFunctionScriptingTraits (0ms)
		AnalyzeDomain (35ms)
			TypeCache.Refresh (12ms)
				TypeCache.ScanAssembly (0ms)
			ScanForSourceGeneratedMonoScriptInfo (11ms)
			ResolveRequiredComponents (10ms)
	FinalizeReload (1461ms)
		ReleaseScriptCaches (0ms)
		RebuildScriptCaches (0ms)
		SetupLoadedEditorAssemblies (776ms)
			LogAssemblyErrors (0ms)
			InitializePlatformSupportModulesInManaged (32ms)
			SetLoadedEditorAssemblies (6ms)
			RefreshPlugins (0ms)
			BeforeProcessingInitializeOnLoad (81ms)
			ProcessInitializeOnLoadAttributes (624ms)
			ProcessInitializeOnLoadMethodAttributes (23ms)
			AfterProcessingInitializeOnLoad (9ms)
			EditorAssembliesLoaded (0ms)
		ExecutionOrderSort2 (0ms)
		AwakeInstancesAfterBackupRestoration (8ms)
Refreshing native plugins compatible for Editor in 3.82 ms, found 3 plugins.
Preloading 0 native plugins for Editor in 0.00 ms.
Unloading 3280 Unused Serialized files (Serialized files now loaded: 0)
Unloading 23 unused Assets / (101.8 KB). Loaded Objects now: 3824.
Memory consumption went from 125.0 MB to 124.9 MB.
Total: 4.237000 ms (FindLiveObjects: 0.323300 ms CreateObjectMapping: 0.097600 ms MarkObjects: 3.738600 ms  DeleteObjects: 0.076400 ms)

Prepare: number of updated asset objects reloaded= 0
AssetImportParameters requested are different than current active one (requested -> active):
  custom:container-demuxer-ogg: 62fdf1f143b41e24485cea50d1cbac27 -> 
  custom:video-codec-MediaFoundation-h265: 746d11721c4dcdbdad8f713fa42b33f4 -> 
  custom:video-decoder-ogg-theora: a1e56fd34408186e4bbccfd4996cb3dc -> 
  custom:framework-win-MediaFoundation: 216162199b28c13a410421893ffa2e32 -> 
  custom:CustomObjectIndexerAttribute: 756ad292c208cfabdd7b50bc23989ffe -> 
  custom:container-demuxer-webm: 4f35f7cbe854078d1ac9338744f61a02 -> 
  custom:container-muxer-webm: aa71ff27fc2769a1b78a27578f13a17b -> 
  custom:video-decoder-webm-vp8: 9c59270c3fd7afecdb556c50c9e8de78 -> 
  custom:SearchIndexIgnoredProperties: e643bd26f0fe6173181afceb89e7c659 -> 
  custom:AudioImporter_EditorPlatform: d09bf68614088b80899f8185d706f6e7 -> 
  custom:video-encoder-webm-vp8: eb34c28f22e8b96e1ab97ce403110664 -> 
  custom:audio-decoder-ogg-vorbis: bf7c407c2cedff20999df2af8eb42d56 -> 
  custom:audio-encoder-webm-vorbis: bf7c407c2cedff20999df2af8eb42d56 -> 
========================================================================
Received Import Request.
  Time since last request: 2099.779236 seconds.
  path: Assets/PolygonWar/Prefabs/Environments/SM_Env_Tree_Pine_01.prefab
  artifactKey: Guid(72e52d8775e4b30499a3a6466d3e43cd) Importer(815301076,1909f56bfc062723c751e8b465ee728b)
Start importing Assets/PolygonWar/Prefabs/Environments/SM_Env_Tree_Pine_01.prefab using Guid(72e52d8775e4b30499a3a6466d3e43cd) Importer(815301076,1909f56bfc062723c751e8b465ee728b)  -> (artifact id: '239f46edc3e214735801df19c8bc1df8') in 0.182935 seconds
Number of updated asset objects reloaded before import = 0
Number of asset objects unloaded after import = 15
========================================================================
Received Import Request.
  Time since last request: 0.000028 seconds.
  path: Assets/PolygonWar/Prefabs/Environments/SM_Env_Trench_Planks_01.prefab
  artifactKey: Guid(acc4225c49537624e909c11471c8cd02) Importer(815301076,1909f56bfc062723c751e8b465ee728b)
Start importing Assets/PolygonWar/Prefabs/Environments/SM_Env_Trench_Planks_01.prefab using Guid(acc4225c49537624e909c11471c8cd02) Importer(815301076,1909f56bfc062723c751e8b465ee728b)  -> (artifact id: 'a6bea4c765aaf0f0931123fdcd442171') in 0.037119 seconds
Number of updated asset objects reloaded before import = 0
Number of asset objects unloaded after import = 9
========================================================================
Received Import Request.
  Time since last request: 0.000040 seconds.
  path: Assets/PolygonWar/Prefabs/Environments/SM_Env_Trench_Planks_03.prefab
  artifactKey: Guid(c66ba352a0ab7274cb6930ec9bdcc98d) Importer(815301076,1909f56bfc062723c751e8b465ee728b)
Start importing Assets/PolygonWar/Prefabs/Environments/SM_Env_Trench_Planks_03.prefab using Guid(c66ba352a0ab7274cb6930ec9bdcc98d) Importer(815301076,1909f56bfc062723c751e8b465ee728b)  -> (artifact id: '665b2c8e8de04bab5047bae28cf68d5c') in 0.023265 seconds
Number of updated asset objects reloaded before import = 0
Number of asset objects unloaded after import = 9
========================================================================
Received Import Request.
  Time since last request: 0.000028 seconds.
  path: Assets/PolygonWar/Prefabs/Environments/SM_Env_Trench_Intersection_01.prefab
  artifactKey: Guid(ed886d7341262f24798902f77a834d1e) Importer(815301076,1909f56bfc062723c751e8b465ee728b)
Start importing Assets/PolygonWar/Prefabs/Environments/SM_Env_Trench_Intersection_01.prefab using Guid(ed886d7341262f24798902f77a834d1e) Importer(815301076,1909f56bfc062723c751e8b465ee728b)  -> (artifact id: '65701e922a97fe3f1d694feea11c3529') in 0.032003 seconds
Number of updated asset objects reloaded before import = 0
Number of asset objects unloaded after import = 10
========================================================================
Received Import Request.
  Time since last request: 0.000026 seconds.
  path: Assets/PolygonWar/Prefabs/Environments/SM_Env_Tree_Pine_03.prefab
  artifactKey: Guid(00d8127b50d396947b76115132bf19f7) Importer(815301076,1909f56bfc062723c751e8b465ee728b)
Start importing Assets/PolygonWar/Prefabs/Environments/SM_Env_Tree_Pine_03.prefab using Guid(00d8127b50d396947b76115132bf19f7) Importer(815301076,1909f56bfc062723c751e8b465ee728b)  -> (artifact id: '952d6445c2e75116947ce22e97403995') in 0.029236 seconds
Number of updated asset objects reloaded before import = 0
Number of asset objects unloaded after import = 13
========================================================================
Received Import Request.
  Time since last request: 0.000023 seconds.
  path: Assets/PolygonWar/Prefabs/Environments/SM_Env_Tree_Pine_Patch_03.prefab
  artifactKey: Guid(2d08f919e0b4b114893c6b696112089b) Importer(815301076,1909f56bfc062723c751e8b465ee728b)
Start importing Assets/PolygonWar/Prefabs/Environments/SM_Env_Tree_Pine_Patch_03.prefab using Guid(2d08f919e0b4b114893c6b696112089b) Importer(815301076,1909f56bfc062723c751e8b465ee728b)  -> (artifact id: '3fe8ee3d0db605cd25121c980baa9c1e') in 0.038059 seconds
Number of updated asset objects reloaded before import = 0
Number of asset objects unloaded after import = 17
========================================================================
Received Import Request.
  Time since last request: 0.000031 seconds.
  path: Assets/PolygonWar/Prefabs/Environments/SM_Env_Tree_Pine_Patch_02.prefab
  artifactKey: Guid(9064e977e023dec4db23499c95928f87) Importer(815301076,1909f56bfc062723c751e8b465ee728b)
Start importing Assets/PolygonWar/Prefabs/Environments/SM_Env_Tree_Pine_Patch_02.prefab using Guid(9064e977e023dec4db23499c95928f87) Importer(815301076,1909f56bfc062723c751e8b465ee728b)  -> (artifact id: 'a51ab4a613944f69e61db9bb7e9051d4') in 0.053975 seconds
Number of updated asset objects reloaded before import = 0
Number of asset objects unloaded after import = 19
========================================================================
Received Import Request.
  Time since last request: 0.000021 seconds.
  path: Assets/PolygonWar/Prefabs/Environments/SM_Env_Trench_Intersection_02.prefab
  artifactKey: Guid(f616b4eadb07d344083f4a4897f44eef) Importer(815301076,1909f56bfc062723c751e8b465ee728b)
Start importing Assets/PolygonWar/Prefabs/Environments/SM_Env_Trench_Intersection_02.prefab using Guid(f616b4eadb07d344083f4a4897f44eef) Importer(815301076,1909f56bfc062723c751e8b465ee728b)  -> (artifact id: 'd4117d874def09ae386aa0df495bdf88') in 0.021378 seconds
Number of updated asset objects reloaded before import = 0
Number of asset objects unloaded after import = 10
========================================================================
Received Import Request.
  Time since last request: 0.000026 seconds.
  path: Assets/PolygonWar/Prefabs/Environments/SM_Env_Tree_Pine_Patch_01.prefab
  artifactKey: Guid(762dbac9a8561504682ac1afde23c1a4) Importer(815301076,1909f56bfc062723c751e8b465ee728b)
Start importing Assets/PolygonWar/Prefabs/Environments/SM_Env_Tree_Pine_Patch_01.prefab using Guid(762dbac9a8561504682ac1afde23c1a4) Importer(815301076,1909f56bfc062723c751e8b465ee728b)  -> (artifact id: '630c3d5a5033c03ea74468441def9104') in 0.034222 seconds
Number of updated asset objects reloaded before import = 0
Number of asset objects unloaded after import = 15
========================================================================
Received Import Request.
  Time since last request: 0.000025 seconds.
  path: Assets/PolygonWar/Prefabs/Environments/SM_Env_Trench_End_01.prefab
  artifactKey: Guid(b331d3864c9122640a45099c062d5f55) Importer(815301076,1909f56bfc062723c751e8b465ee728b)
Start importing Assets/PolygonWar/Prefabs/Environments/SM_Env_Trench_End_01.prefab using Guid(b331d3864c9122640a45099c062d5f55) Importer(815301076,1909f56bfc062723c751e8b465ee728b)  -> (artifact id: '9fe0535aeef02b3ff991d1dabb08f56d') in 0.023605 seconds
Number of updated asset objects reloaded before import = 0
Number of asset objects unloaded after import = 10
========================================================================
Received Import Request.
  Time since last request: 0.000032 seconds.
  path: Assets/PolygonWar/Prefabs/Environments/SM_Env_Trench_Shallow_End_01.prefab
  artifactKey: Guid(5006cfb825dd04348a6d4cbb1b403724) Importer(815301076,1909f56bfc062723c751e8b465ee728b)
Start importing Assets/PolygonWar/Prefabs/Environments/SM_Env_Trench_Shallow_End_01.prefab using Guid(5006cfb825dd04348a6d4cbb1b403724) Importer(815301076,1909f56bfc062723c751e8b465ee728b)  -> (artifact id: '46961078714398a4c3abaae210996d67') in 0.028741 seconds
Number of updated asset objects reloaded before import = 0
Number of asset objects unloaded after import = 10
========================================================================
Received Import Request.
  Time since last request: 0.000024 seconds.
  path: Assets/PolygonWar/Prefabs/Environments/SM_Env_Trench_Shallow_Corner_01.prefab
  artifactKey: Guid(4fbf093ca117efa44b34d1cf76ff8ab1) Importer(815301076,1909f56bfc062723c751e8b465ee728b)
Start importing Assets/PolygonWar/Prefabs/Environments/SM_Env_Trench_Shallow_Corner_01.prefab using Guid(4fbf093ca117efa44b34d1cf76ff8ab1) Importer(815301076,1909f56bfc062723c751e8b465ee728b)  -> (artifact id: 'dacba48c2c65318f3d39c79973ba0268') in 0.032948 seconds
Number of updated asset objects reloaded before import = 0
Number of asset objects unloaded after import = 10
========================================================================
Received Import Request.
  Time since last request: 1.378497 seconds.
  path: Assets/PolygonWar/Prefabs/Environments/SM_Env_Tree_Destroyed_01.prefab
  artifactKey: Guid(48290b1f37e9f134b823a630a8676b53) Importer(815301076,1909f56bfc062723c751e8b465ee728b)
Start importing Assets/PolygonWar/Prefabs/Environments/SM_Env_Tree_Destroyed_01.prefab using Guid(48290b1f37e9f134b823a630a8676b53) Importer(815301076,1909f56bfc062723c751e8b465ee728b)  -> (artifact id: '8d687d14149de2a718d8fdaaaf636461') in 0.019236 seconds
Number of updated asset objects reloaded before import = 0
Number of asset objects unloaded after import = 11
========================================================================
Received Import Request.
  Time since last request: 0.000022 seconds.
  path: Assets/PolygonWar/Prefabs/Environments/SM_Env_Tree_Destroyed_04.prefab
  artifactKey: Guid(a8a9a781cb3d2b440a9b242d46710232) Importer(815301076,1909f56bfc062723c751e8b465ee728b)
Start importing Assets/PolygonWar/Prefabs/Environments/SM_Env_Tree_Destroyed_04.prefab using Guid(a8a9a781cb3d2b440a9b242d46710232) Importer(815301076,1909f56bfc062723c751e8b465ee728b)  -> (artifact id: 'bde30691eec4b153d11ca404d8b81b45') in 0.020858 seconds
Number of updated asset objects reloaded before import = 0
Number of asset objects unloaded after import = 11
========================================================================
Received Import Request.
  Time since last request: 0.000026 seconds.
  path: Assets/PolygonWar/Prefabs/Environments/SM_Env_Tree_Large_01.prefab
  artifactKey: Guid(2eb7f2eec3ac9774eb379dcc56d578cb) Importer(815301076,1909f56bfc062723c751e8b465ee728b)
Start importing Assets/PolygonWar/Prefabs/Environments/SM_Env_Tree_Large_01.prefab using Guid(2eb7f2eec3ac9774eb379dcc56d578cb) Importer(815301076,1909f56bfc062723c751e8b465ee728b)  -> (artifact id: 'c888bcf8a1adbc2cbfbe594900af1fb9') in 0.029483 seconds
Number of updated asset objects reloaded before import = 0
Number of asset objects unloaded after import = 10
========================================================================
Received Import Request.
  Time since last request: 0.127135 seconds.
  path: Assets/PolygonWar/Prefabs/Environments/SM_Env_Tree_Branch_04.prefab
  artifactKey: Guid(1c999ca2295380240aaae82c4228acac) Importer(815301076,1909f56bfc062723c751e8b465ee728b)
Start importing Assets/PolygonWar/Prefabs/Environments/SM_Env_Tree_Branch_04.prefab using Guid(1c999ca2295380240aaae82c4228acac) Importer(815301076,1909f56bfc062723c751e8b465ee728b)  -> (artifact id: '03d52526aa9a2a0f025e1214b37fe557') in 0.022766 seconds
Number of updated asset objects reloaded before import = 0
Number of asset objects unloaded after import = 11
========================================================================
Received Import Request.
  Time since last request: 0.000024 seconds.
  path: Assets/PolygonWar/Prefabs/Environments/SM_Env_Tree_Dead_02.prefab
  artifactKey: Guid(0b1b652ae3bdca44bb5e4be7ad65009f) Importer(815301076,1909f56bfc062723c751e8b465ee728b)
Start importing Assets/PolygonWar/Prefabs/Environments/SM_Env_Tree_Dead_02.prefab using Guid(0b1b652ae3bdca44bb5e4be7ad65009f) Importer(815301076,1909f56bfc062723c751e8b465ee728b)  -> (artifact id: 'ea883f104fe2b8bd7b35ef80a3b19fb9') in 0.021494 seconds
Number of updated asset objects reloaded before import = 0
Number of asset objects unloaded after import = 11
Editor requested this worker to shutdown with reason: Scaling down because of idle timeout
TcpMessagingSession - receive error: operation aborted. errorcode: 995, details: The I/O operation has been aborted because of either a thread exit or an application request.
AssetImportWorker is now disconnected from the server
Process exiting
Exiting without the bug reporter. Application will terminate with return code 0