Using pre-set license
Built from '2022.3/staging' branch; Version is '2022.3.8f1 (b5eafc012955) revision 11922172'; Using compiler version '192829333'; Build Type 'Release'
OS: 'Windows 11  (10.0.22631) 64bit Professional' Language: 'en' Physical Memory: 16320 MB
BatchMode: 1, IsHumanControllingUs: 0, StartBugReporterOnCrash: 0, Is64bit: 1, IsPro: 1

COMMAND LINE ARGUMENTS:
C:\Game.Development\2022.3.8f1\Editor\Unity.exe
-adb2
-batchMode
-noUpm
-name
AssetImportWorker1
-projectPath
C:/Game.Development/The WW2
-logFile
Logs/AssetImportWorker1.log
-srvPort
50235
Successfully changed project path to: C:/Game.Development/The WW2
C:/Game.Development/The WW2
[UnityMemory] Configuration Parameters - Can be set up in boot.config
    "memorysetup-bucket-allocator-granularity=16"
    "memorysetup-bucket-allocator-bucket-count=8"
    "memorysetup-bucket-allocator-block-size=33554432"
    "memorysetup-bucket-allocator-block-count=8"
    "memorysetup-main-allocator-block-size=16777216"
    "memorysetup-thread-allocator-block-size=16777216"
    "memorysetup-gfx-main-allocator-block-size=16777216"
    "memorysetup-gfx-thread-allocator-block-size=16777216"
    "memorysetup-cache-allocator-block-size=4194304"
    "memorysetup-typetree-allocator-block-size=2097152"
    "memorysetup-profiler-bucket-allocator-granularity=16"
    "memorysetup-profiler-bucket-allocator-bucket-count=8"
    "memorysetup-profiler-bucket-allocator-block-size=33554432"
    "memorysetup-profiler-bucket-allocator-block-count=8"
    "memorysetup-profiler-allocator-block-size=16777216"
    "memorysetup-profiler-editor-allocator-block-size=1048576"
    "memorysetup-temp-allocator-size-main=16777216"
    "memorysetup-job-temp-allocator-block-size=2097152"
    "memorysetup-job-temp-allocator-block-size-background=1048576"
    "memorysetup-job-temp-allocator-reduction-small-platforms=262144"
    "memorysetup-allocator-temp-initial-block-size-main=262144"
    "memorysetup-allocator-temp-initial-block-size-worker=262144"
    "memorysetup-temp-allocator-size-background-worker=32768"
    "memorysetup-temp-allocator-size-job-worker=262144"
    "memorysetup-temp-allocator-size-preload-manager=33554432"
    "memorysetup-temp-allocator-size-nav-mesh-worker=65536"
    "memorysetup-temp-allocator-size-audio-worker=65536"
    "memorysetup-temp-allocator-size-cloud-worker=32768"
    "memorysetup-temp-allocator-size-gi-baking-worker=262144"
    "memorysetup-temp-allocator-size-gfx=262144"
Player connection [4652] Host "[IP] 192.168.1.13 [Port] 0 [Flags] 2 [Guid] 3175197659 [EditorId] 3175197659 [Version] 1048832 [Id] WindowsEditor(7,DoubleYou) [Debug] 1 [PackageName] WindowsEditor [ProjectName] Editor" joined multi-casting on [225.0.0.222:54997]...

Player connection [4652] Host "[IP] 192.168.1.13 [Port] 0 [Flags] 2 [Guid] 3175197659 [EditorId] 3175197659 [Version] 1048832 [Id] WindowsEditor(7,DoubleYou) [Debug] 1 [PackageName] WindowsEditor [ProjectName] Editor" joined alternative multi-casting on [225.0.0.222:34997]...

[Physics::Module] Initialized MultithreadedJobDispatcher with 15 workers.
Refreshing native plugins compatible for Editor in 10.88 ms, found 3 plugins.
Preloading 0 native plugins for Editor in 0.00 ms.
Initialize engine version: 2022.3.8f1 (b5eafc012955)
[Subsystems] Discovering subsystems at path C:/Game.Development/2022.3.8f1/Editor/Data/Resources/UnitySubsystems
[Subsystems] Discovering subsystems at path C:/Game.Development/The WW2/Assets
GfxDevice: creating device client; threaded=0; jobified=0
Direct3D:
    Version:  Direct3D 11.0 [level 11.1]
    Renderer: NVIDIA GeForce GTX 1070 (ID=0x1b81)
    Vendor:   NVIDIA
    VRAM:     8067 MB
    Driver:   31.0.15.5161
Initialize mono
Mono path[0] = 'C:/Game.Development/2022.3.8f1/Editor/Data/Managed'
Mono path[1] = 'C:/Game.Development/2022.3.8f1/Editor/Data/MonoBleedingEdge/lib/mono/unityjit-win32'
Mono config path = 'C:/Game.Development/2022.3.8f1/Editor/Data/MonoBleedingEdge/etc'
Using monoOptions --debugger-agent=transport=dt_socket,embedding=1,server=y,suspend=n,address=127.0.0.1:56900
Begin MonoManager ReloadAssembly
Registering precompiled unity dll's ...
Register platform support module: C:/Game.Development/2022.3.8f1/Editor/Data/PlaybackEngines/AndroidPlayer/UnityEditor.Android.Extensions.dll
Register platform support module: C:/Game.Development/2022.3.8f1/Editor/Data/PlaybackEngines/WindowsStandaloneSupport/UnityEditor.WindowsStandalone.Extensions.dll
Register platform support module: C:/Game.Development/2022.3.8f1/Editor/Data/PlaybackEngines/MetroSupport/UnityEditor.UWP.Extensions.dll
Registered in 0.009846 seconds.
- Loaded All Assemblies, in  0.486 seconds
Native extension for UWP target not found
Native extension for WindowsStandalone target not found
Native extension for Android target not found
Android Extension - Scanning For ADB Devices 310 ms
Mono: successfully reloaded assembly
- Finished resetting the current domain, in  0.748 seconds
Domain Reload Profiling: 1231ms
	BeginReloadAssembly (134ms)
		ExecutionOrderSort (0ms)
		DisableScriptedObjects (0ms)
		BackupInstance (0ms)
		ReleaseScriptingObjects (0ms)
		CreateAndSetChildDomain (1ms)
	RebuildCommonClasses (48ms)
	RebuildNativeTypeToScriptingClass (14ms)
	initialDomainReloadingComplete (74ms)
	LoadAllAssembliesAndSetupDomain (213ms)
		LoadAssemblies (132ms)
		RebuildTransferFunctionScriptingTraits (0ms)
		AnalyzeDomain (209ms)
			TypeCache.Refresh (207ms)
				TypeCache.ScanAssembly (190ms)
			ScanForSourceGeneratedMonoScriptInfo (1ms)
			ResolveRequiredComponents (1ms)
	FinalizeReload (748ms)
		ReleaseScriptCaches (0ms)
		RebuildScriptCaches (0ms)
		SetupLoadedEditorAssemblies (673ms)
			LogAssemblyErrors (0ms)
			InitializePlatformSupportModulesInManaged (469ms)
			SetLoadedEditorAssemblies (4ms)
			RefreshPlugins (0ms)
			BeforeProcessingInitializeOnLoad (3ms)
			ProcessInitializeOnLoadAttributes (133ms)
			ProcessInitializeOnLoadMethodAttributes (64ms)
			AfterProcessingInitializeOnLoad (0ms)
			EditorAssembliesLoaded (0ms)
		ExecutionOrderSort2 (0ms)
		AwakeInstancesAfterBackupRestoration (0ms)
========================================================================
Worker process is ready to serve import requests
Begin MonoManager ReloadAssembly
- Loaded All Assemblies, in  0.774 seconds
Refreshing native plugins compatible for Editor in 4.07 ms, found 3 plugins.
Native extension for UWP target not found
Native extension for WindowsStandalone target not found
Native extension for Android target not found
Package Manager log level set to [2]
[Package Manager] Server::EnsureServerProcessIsRunning -- launch failed, reason: Unity was launched with the -noUpm command-line argument
[Package Manager] UpmClient::Send -- Unable to send message (not connected to UPM process).
[Package Manager] Cannot connect to Unity Package Manager local server
Mono: successfully reloaded assembly
- Finished resetting the current domain, in  1.007 seconds
Domain Reload Profiling: 1777ms
	BeginReloadAssembly (188ms)
		ExecutionOrderSort (0ms)
		DisableScriptedObjects (8ms)
		BackupInstance (0ms)
		ReleaseScriptingObjects (0ms)
		CreateAndSetChildDomain (29ms)
	RebuildCommonClasses (42ms)
	RebuildNativeTypeToScriptingClass (14ms)
	initialDomainReloadingComplete (52ms)
	LoadAllAssembliesAndSetupDomain (474ms)
		LoadAssemblies (344ms)
		RebuildTransferFunctionScriptingTraits (0ms)
		AnalyzeDomain (235ms)
			TypeCache.Refresh (208ms)
				TypeCache.ScanAssembly (189ms)
			ScanForSourceGeneratedMonoScriptInfo (20ms)
			ResolveRequiredComponents (6ms)
	FinalizeReload (1007ms)
		ReleaseScriptCaches (0ms)
		RebuildScriptCaches (0ms)
		SetupLoadedEditorAssemblies (785ms)
			LogAssemblyErrors (0ms)
			InitializePlatformSupportModulesInManaged (31ms)
			SetLoadedEditorAssemblies (5ms)
			RefreshPlugins (0ms)
			BeforeProcessingInitializeOnLoad (80ms)
			ProcessInitializeOnLoadAttributes (635ms)
			ProcessInitializeOnLoadMethodAttributes (25ms)
			AfterProcessingInitializeOnLoad (8ms)
			EditorAssembliesLoaded (0ms)
		ExecutionOrderSort2 (0ms)
		AwakeInstancesAfterBackupRestoration (7ms)
Launched and connected shader compiler UnityShaderCompiler.exe after 0.05 seconds
Refreshing native plugins compatible for Editor in 5.14 ms, found 3 plugins.
Preloading 0 native plugins for Editor in 0.00 ms.
Unloading 3290 Unused Serialized files (Serialized files now loaded: 0)
Unloading 44 unused Assets / (129.8 KB). Loaded Objects now: 3757.
Memory consumption went from 127.3 MB to 127.2 MB.
Total: 4.766300 ms (FindLiveObjects: 0.316600 ms CreateObjectMapping: 0.096600 ms MarkObjects: 4.215300 ms  DeleteObjects: 0.136400 ms)

AssetImportParameters requested are different than current active one (requested -> active):
  custom:container-demuxer-ogg: 62fdf1f143b41e24485cea50d1cbac27 -> 
  custom:video-codec-MediaFoundation-h265: 746d11721c4dcdbdad8f713fa42b33f4 -> 
  custom:video-decoder-ogg-theora: a1e56fd34408186e4bbccfd4996cb3dc -> 
  custom:framework-win-MediaFoundation: 216162199b28c13a410421893ffa2e32 -> 
  custom:CustomObjectIndexerAttribute: 756ad292c208cfabdd7b50bc23989ffe -> 
  custom:container-demuxer-webm: 4f35f7cbe854078d1ac9338744f61a02 -> 
  custom:container-muxer-webm: aa71ff27fc2769a1b78a27578f13a17b -> 
  custom:video-decoder-webm-vp8: 9c59270c3fd7afecdb556c50c9e8de78 -> 
  custom:SearchIndexIgnoredProperties: e643bd26f0fe6173181afceb89e7c659 -> 
  custom:AudioImporter_EditorPlatform: d09bf68614088b80899f8185d706f6e7 -> 
  custom:video-encoder-webm-vp8: eb34c28f22e8b96e1ab97ce403110664 -> 
  custom:audio-decoder-ogg-vorbis: bf7c407c2cedff20999df2af8eb42d56 -> 
  custom:audio-encoder-webm-vorbis: bf7c407c2cedff20999df2af8eb42d56 -> 
========================================================================
Received Import Request.
  Time since last request: 2471.194429 seconds.
  path: Assets/PolygonWar/Prefabs/FX/Explosion_Small_FX.prefab
  artifactKey: Guid(5ed0a013702bd9f42847584f2fba7b21) Importer(815301076,1909f56bfc062723c751e8b465ee728b)
Start importing Assets/PolygonWar/Prefabs/FX/Explosion_Small_FX.prefab using Guid(5ed0a013702bd9f42847584f2fba7b21) Importer(815301076,1909f56bfc062723c751e8b465ee728b)  -> (artifact id: 'e973981c057bdd3dcd4540d950755612') in 0.303826 seconds
Number of updated asset objects reloaded before import = 0
Number of asset objects unloaded after import = 16
========================================================================
Received Import Request.
  Time since last request: 0.000032 seconds.
  path: Assets/PolygonWar/Prefabs/FX/FX_Bullet_Trail.prefab
  artifactKey: Guid(2298236a23b5c4349b5f8204068aadf3) Importer(815301076,1909f56bfc062723c751e8b465ee728b)
Start importing Assets/PolygonWar/Prefabs/FX/FX_Bullet_Trail.prefab using Guid(2298236a23b5c4349b5f8204068aadf3) Importer(815301076,1909f56bfc062723c751e8b465ee728b)  -> (artifact id: '73a166ee18b5473f0d694237608792fb') in 0.023473 seconds
Number of updated asset objects reloaded before import = 0
Number of asset objects unloaded after import = 8
========================================================================
Received Import Request.
  Time since last request: 0.000036 seconds.
  path: Assets/PolygonWar/Prefabs/FX/GunShot_Smoke_FX.prefab
  artifactKey: Guid(2574ca206a571a342a7fab69fdfb87aa) Importer(815301076,1909f56bfc062723c751e8b465ee728b)
Start importing Assets/PolygonWar/Prefabs/FX/GunShot_Smoke_FX.prefab using Guid(2574ca206a571a342a7fab69fdfb87aa) Importer(815301076,1909f56bfc062723c751e8b465ee728b)  -> (artifact id: '70407d9a5cc191b2bd6c55236a82873b') in 0.052046 seconds
Number of updated asset objects reloaded before import = 0
Number of asset objects unloaded after import = 10
========================================================================
Received Import Request.
  Time since last request: 0.000022 seconds.
  path: Assets/PolygonWar/Prefabs/FX/Smoke_FX.prefab
  artifactKey: Guid(9b967c5de3c01184889d94aa4f20fd19) Importer(815301076,1909f56bfc062723c751e8b465ee728b)
Start importing Assets/PolygonWar/Prefabs/FX/Smoke_FX.prefab using Guid(9b967c5de3c01184889d94aa4f20fd19) Importer(815301076,1909f56bfc062723c751e8b465ee728b)  -> (artifact id: '994019f7649bab781b0eb8cd7b2fc088') in 0.015388 seconds
Number of updated asset objects reloaded before import = 0
Number of asset objects unloaded after import = 6
========================================================================
Received Import Request.
  Time since last request: 0.000021 seconds.
  path: Assets/PolygonWar/Prefabs/FX/Water_Splash_FX.prefab
  artifactKey: Guid(ad7b3c9953cf6344ca1e08b987fb7067) Importer(815301076,1909f56bfc062723c751e8b465ee728b)
Start importing Assets/PolygonWar/Prefabs/FX/Water_Splash_FX.prefab using Guid(ad7b3c9953cf6344ca1e08b987fb7067) Importer(815301076,1909f56bfc062723c751e8b465ee728b)  -> (artifact id: '53b19ce93c4462ee9e76a64e11e27d8d') in 0.016823 seconds
Number of updated asset objects reloaded before import = 0
Number of asset objects unloaded after import = 7
========================================================================
Received Import Request.
  Time since last request: 0.000019 seconds.
  path: Assets/PolygonWar/Prefabs/FX/Fire_01_FX.prefab
  artifactKey: Guid(e535ced2808de79419ca4c059d8c2393) Importer(815301076,1909f56bfc062723c751e8b465ee728b)
Start importing Assets/PolygonWar/Prefabs/FX/Fire_01_FX.prefab using Guid(e535ced2808de79419ca4c059d8c2393) Importer(815301076,1909f56bfc062723c751e8b465ee728b)  -> (artifact id: '930e978430ca4d04689d409dca6fa550') in 0.015407 seconds
Number of updated asset objects reloaded before import = 0
Number of asset objects unloaded after import = 6
========================================================================
Received Import Request.
  Time since last request: 0.000033 seconds.
  path: Assets/PolygonWar/Prefabs/FX/Smoke_Small_Light_FX.prefab
  artifactKey: Guid(88458a60107da3140a2e173fe916bbfb) Importer(815301076,1909f56bfc062723c751e8b465ee728b)
Start importing Assets/PolygonWar/Prefabs/FX/Smoke_Small_Light_FX.prefab using Guid(88458a60107da3140a2e173fe916bbfb) Importer(815301076,1909f56bfc062723c751e8b465ee728b)  -> (artifact id: '9056970441ee8df39f637279be47775c') in 0.015796 seconds
Number of updated asset objects reloaded before import = 0
Number of asset objects unloaded after import = 7
========================================================================
Received Import Request.
  Time since last request: 0.000024 seconds.
  path: Assets/PolygonWar/Prefabs/FX/Explosion_Smoke_FX.prefab
  artifactKey: Guid(53777b8572d1e7242bc90044f62667ce) Importer(815301076,1909f56bfc062723c751e8b465ee728b)
Start importing Assets/PolygonWar/Prefabs/FX/Explosion_Smoke_FX.prefab using Guid(53777b8572d1e7242bc90044f62667ce) Importer(815301076,1909f56bfc062723c751e8b465ee728b)  -> (artifact id: 'd6897e60b2ace5e2ec2426676adf4074') in 0.016794 seconds
Number of updated asset objects reloaded before import = 0
Number of asset objects unloaded after import = 14
========================================================================
Received Import Request.
  Time since last request: 0.000016 seconds.
  path: Assets/PolygonWar/Prefabs/FX/Parachute_Background_FX.prefab
  artifactKey: Guid(209f0b97336ab734b83a5c83f0f69de6) Importer(815301076,1909f56bfc062723c751e8b465ee728b)
Start importing Assets/PolygonWar/Prefabs/FX/Parachute_Background_FX.prefab using Guid(209f0b97336ab734b83a5c83f0f69de6) Importer(815301076,1909f56bfc062723c751e8b465ee728b)  -> (artifact id: '9f3981e9bbdddfc8c3d5c8ada19a004e') in 0.035149 seconds
Number of updated asset objects reloaded before import = 0
Number of asset objects unloaded after import = 8
========================================================================
Received Import Request.
  Time since last request: 0.000019 seconds.
  path: Assets/PolygonWar/Prefabs/FX/FlameThrower_FX.prefab
  artifactKey: Guid(5cd5599e01f32bd418f20a3b9eac1c57) Importer(815301076,1909f56bfc062723c751e8b465ee728b)
Start importing Assets/PolygonWar/Prefabs/FX/FlameThrower_FX.prefab using Guid(5cd5599e01f32bd418f20a3b9eac1c57) Importer(815301076,1909f56bfc062723c751e8b465ee728b)  -> (artifact id: '2fe63ba33cf157fa0fc770e34b07873c') in 0.014293 seconds
Number of updated asset objects reloaded before import = 0
Number of asset objects unloaded after import = 6
========================================================================
Received Import Request.
  Time since last request: 0.000019 seconds.
  path: Assets/PolygonWar/Prefabs/FX/Smoke_Small_Dark_FX.prefab
  artifactKey: Guid(b92ea96f848a59944ae963daf2923c34) Importer(815301076,1909f56bfc062723c751e8b465ee728b)
Start importing Assets/PolygonWar/Prefabs/FX/Smoke_Small_Dark_FX.prefab using Guid(b92ea96f848a59944ae963daf2923c34) Importer(815301076,1909f56bfc062723c751e8b465ee728b)  -> (artifact id: '37b638b3e241d34e63b2de0f3362fa8e') in 0.017232 seconds
Number of updated asset objects reloaded before import = 0
Number of asset objects unloaded after import = 7
========================================================================
Received Import Request.
  Time since last request: 10.400816 seconds.
  path: Assets/PolygonWar/Prefabs/Environments/SM_Env_Brick_Debris_01.prefab
  artifactKey: Guid(033e631b10e13a547ac9fa729caf3b56) Importer(815301076,1909f56bfc062723c751e8b465ee728b)
Start importing Assets/PolygonWar/Prefabs/Environments/SM_Env_Brick_Debris_01.prefab using Guid(033e631b10e13a547ac9fa729caf3b56) Importer(815301076,1909f56bfc062723c751e8b465ee728b)  -> (artifact id: '52bc1ddc71813983e17c23172cdcb9ce') in 0.027092 seconds
Number of updated asset objects reloaded before import = 0
Number of asset objects unloaded after import = 9
========================================================================
Received Import Request.
  Time since last request: 0.000021 seconds.
  path: Assets/PolygonWar/Prefabs/Environments/SM_Env_City_Road_01.prefab
  artifactKey: Guid(6f6d6634900dae04f83420c1a7716fb6) Importer(815301076,1909f56bfc062723c751e8b465ee728b)
Start importing Assets/PolygonWar/Prefabs/Environments/SM_Env_City_Road_01.prefab using Guid(6f6d6634900dae04f83420c1a7716fb6) Importer(815301076,1909f56bfc062723c751e8b465ee728b)  -> (artifact id: '8ebfc451584fcfbbbe915819c9886dc5') in 0.018987 seconds
Number of updated asset objects reloaded before import = 0
Number of asset objects unloaded after import = 10
========================================================================
Received Import Request.
  Time since last request: 0.000026 seconds.
  path: Assets/PolygonWar/Prefabs/Environments/SM_Env_City_Road_Damaged_02.prefab
  artifactKey: Guid(7baa464254fbaf645b9543d33497b89b) Importer(815301076,1909f56bfc062723c751e8b465ee728b)
Start importing Assets/PolygonWar/Prefabs/Environments/SM_Env_City_Road_Damaged_02.prefab using Guid(7baa464254fbaf645b9543d33497b89b) Importer(815301076,1909f56bfc062723c751e8b465ee728b)  -> (artifact id: 'a950602c3db94d30f5810eff7a417dc2') in 0.019032 seconds
Number of updated asset objects reloaded before import = 0
Number of asset objects unloaded after import = 11
========================================================================
Received Import Request.
  Time since last request: 0.000017 seconds.
  path: Assets/PolygonWar/Prefabs/Environments/SM_Env_Brick_Debris_03.prefab
  artifactKey: Guid(a3b34325468c3e64abcdafddeeed6355) Importer(815301076,1909f56bfc062723c751e8b465ee728b)
Start importing Assets/PolygonWar/Prefabs/Environments/SM_Env_Brick_Debris_03.prefab using Guid(a3b34325468c3e64abcdafddeeed6355) Importer(815301076,1909f56bfc062723c751e8b465ee728b)  -> (artifact id: 'abf1b2153ec26a2808cc33080ef18ea9') in 0.018938 seconds
Number of updated asset objects reloaded before import = 0
Number of asset objects unloaded after import = 9
========================================================================
Received Import Request.
  Time since last request: 0.000022 seconds.
  path: Assets/PolygonWar/Prefabs/Environments/SM_Env_Bridge_Damaged_Ramp.prefab
  artifactKey: Guid(78de7fcd4a72e1543bccc8003fb75ff5) Importer(815301076,1909f56bfc062723c751e8b465ee728b)
Start importing Assets/PolygonWar/Prefabs/Environments/SM_Env_Bridge_Damaged_Ramp.prefab using Guid(78de7fcd4a72e1543bccc8003fb75ff5) Importer(815301076,1909f56bfc062723c751e8b465ee728b)  -> (artifact id: 'b029887e295b94c2a7ff80569e46d08a') in 0.022447 seconds
Number of updated asset objects reloaded before import = 0
Number of asset objects unloaded after import = 18
========================================================================
Received Import Request.
  Time since last request: 0.000017 seconds.
  path: Assets/PolygonWar/Prefabs/Environments/SM_Env_City_Footpath_Damaged_01.prefab
  artifactKey: Guid(a0011f64b42d3aa4e982909cf4479aad) Importer(815301076,1909f56bfc062723c751e8b465ee728b)
Start importing Assets/PolygonWar/Prefabs/Environments/SM_Env_City_Footpath_Damaged_01.prefab using Guid(a0011f64b42d3aa4e982909cf4479aad) Importer(815301076,1909f56bfc062723c751e8b465ee728b)  -> (artifact id: '7e7caa9cd22b85cd4afcf8c9e5a1dbc9') in 0.016366 seconds
Number of updated asset objects reloaded before import = 0
Number of asset objects unloaded after import = 10
========================================================================
Received Import Request.
  Time since last request: 0.000099 seconds.
  path: Assets/PolygonWar/Prefabs/Environments/SM_Env_Cliff_Small_01.prefab
  artifactKey: Guid(6840325e0a7fe2b4c9ce8b196a121ab3) Importer(815301076,1909f56bfc062723c751e8b465ee728b)
Start importing Assets/PolygonWar/Prefabs/Environments/SM_Env_Cliff_Small_01.prefab using Guid(6840325e0a7fe2b4c9ce8b196a121ab3) Importer(815301076,1909f56bfc062723c751e8b465ee728b)  -> (artifact id: '262b21d970d9d3c32dfb95f0fd5fe4a8') in 0.020353 seconds
Number of updated asset objects reloaded before import = 0
Number of asset objects unloaded after import = 10
========================================================================
Received Import Request.
  Time since last request: 0.000035 seconds.
  path: Assets/PolygonWar/Prefabs/Environments/SM_Env_Bridge_Middle.prefab
  artifactKey: Guid(aa4340c359464c240b251ce18b8b6abe) Importer(815301076,1909f56bfc062723c751e8b465ee728b)
Start importing Assets/PolygonWar/Prefabs/Environments/SM_Env_Bridge_Middle.prefab using Guid(aa4340c359464c240b251ce18b8b6abe) Importer(815301076,1909f56bfc062723c751e8b465ee728b)  -> (artifact id: '7431463e95e30bcd4b3a87d94bb8e254') in 0.021575 seconds
Number of updated asset objects reloaded before import = 0
Number of asset objects unloaded after import = 18
========================================================================
Received Import Request.
  Time since last request: 0.000032 seconds.
  path: Assets/PolygonWar/Prefabs/Environments/SM_Env_City_Footpath_Corner_01.prefab
  artifactKey: Guid(0a3211fd1200d394b9eacfe66897fcb7) Importer(815301076,1909f56bfc062723c751e8b465ee728b)
Start importing Assets/PolygonWar/Prefabs/Environments/SM_Env_City_Footpath_Corner_01.prefab using Guid(0a3211fd1200d394b9eacfe66897fcb7) Importer(815301076,1909f56bfc062723c751e8b465ee728b)  -> (artifact id: 'dd77b27a619ed3111aeb3d9eb97f0c44') in 0.018851 seconds
Number of updated asset objects reloaded before import = 0
Number of asset objects unloaded after import = 10
========================================================================
Received Import Request.
  Time since last request: 0.000021 seconds.
  path: Assets/PolygonWar/Prefabs/Environments/SM_Env_Cliffs_Background_02.prefab
  artifactKey: Guid(1df5b3b913aa91f4e8b0be20751aae2f) Importer(815301076,1909f56bfc062723c751e8b465ee728b)
Start importing Assets/PolygonWar/Prefabs/Environments/SM_Env_Cliffs_Background_02.prefab using Guid(1df5b3b913aa91f4e8b0be20751aae2f) Importer(815301076,1909f56bfc062723c751e8b465ee728b)  -> (artifact id: 'd75d90f15db6f0e21d9fe9718fa1746c') in 0.019679 seconds
Number of updated asset objects reloaded before import = 0
Number of asset objects unloaded after import = 10
========================================================================
Received Import Request.
  Time since last request: 1.345036 seconds.
  path: Assets/PolygonWar/Prefabs/Environments/SM_Env_Crater_02.prefab
  artifactKey: Guid(c3014fe71253e124ebf4d87b99a2790b) Importer(815301076,1909f56bfc062723c751e8b465ee728b)
Start importing Assets/PolygonWar/Prefabs/Environments/SM_Env_Crater_02.prefab using Guid(c3014fe71253e124ebf4d87b99a2790b) Importer(815301076,1909f56bfc062723c751e8b465ee728b)  -> (artifact id: 'db84d895540b236f0d9b62d9493d5e8a') in 0.018924 seconds
Number of updated asset objects reloaded before import = 0
Number of asset objects unloaded after import = 10
========================================================================
Received Import Request.
  Time since last request: 0.721846 seconds.
  path: Assets/PolygonWar/Prefabs/Environments/SM_Env_Beach_Patch_02.prefab
  artifactKey: Guid(e40c0931d9527504e848375428f11d7a) Importer(815301076,1909f56bfc062723c751e8b465ee728b)
Start importing Assets/PolygonWar/Prefabs/Environments/SM_Env_Beach_Patch_02.prefab using Guid(e40c0931d9527504e848375428f11d7a) Importer(815301076,1909f56bfc062723c751e8b465ee728b)  -> (artifact id: '7deb6b4dbb381ed0e10d09daaf30a252') in 0.017203 seconds
Number of updated asset objects reloaded before import = 0
Number of asset objects unloaded after import = 10
========================================================================
Received Import Request.
  Time since last request: 0.129582 seconds.
  path: Assets/PolygonWar/Prefabs/Environments/SM_Env_Beach_Deep_01.prefab
  artifactKey: Guid(76b06f7e6f2286e4c8d129d680ceeb10) Importer(815301076,1909f56bfc062723c751e8b465ee728b)
Start importing Assets/PolygonWar/Prefabs/Environments/SM_Env_Beach_Deep_01.prefab using Guid(76b06f7e6f2286e4c8d129d680ceeb10) Importer(815301076,1909f56bfc062723c751e8b465ee728b)  -> (artifact id: '8ac1fd26d317e50481cee78a0b46a8f0') in 0.017309 seconds
Number of updated asset objects reloaded before import = 0
Number of asset objects unloaded after import = 10
========================================================================
Received Import Request.
  Time since last request: 0.000018 seconds.
  path: Assets/PolygonWar/Prefabs/Environments/SM_Env_Beach_Edge_02.prefab
  artifactKey: Guid(a8062e484f405384cb63390477c78801) Importer(815301076,1909f56bfc062723c751e8b465ee728b)
Start importing Assets/PolygonWar/Prefabs/Environments/SM_Env_Beach_Edge_02.prefab using Guid(a8062e484f405384cb63390477c78801) Importer(815301076,1909f56bfc062723c751e8b465ee728b)  -> (artifact id: 'f79c972723c5f72b18dcb02036d1323a') in 0.015292 seconds
Number of updated asset objects reloaded before import = 0
Number of asset objects unloaded after import = 10
========================================================================
Received Import Request.
  Time since last request: 5.295611 seconds.
  path: Assets/PolygonWar/Prefabs/Buildings/SM_Bld_Barracks_01.prefab
  artifactKey: Guid(7f2380ad68cc50444b81193a43f89373) Importer(815301076,1909f56bfc062723c751e8b465ee728b)
Start importing Assets/PolygonWar/Prefabs/Buildings/SM_Bld_Barracks_01.prefab using Guid(7f2380ad68cc50444b81193a43f89373) Importer(815301076,1909f56bfc062723c751e8b465ee728b)  -> (artifact id: '69cfcb04d6e0ddd530960f30bebe6a52') in 0.019211 seconds
Number of updated asset objects reloaded before import = 0
Number of asset objects unloaded after import = 26
========================================================================
Received Import Request.
  Time since last request: 0.000022 seconds.
  path: Assets/PolygonWar/Prefabs/Buildings/SM_Bld_Bunker_ConcreteBase_02.prefab
  artifactKey: Guid(c7a58172c2f36f84980007ec08052685) Importer(815301076,1909f56bfc062723c751e8b465ee728b)
Start importing Assets/PolygonWar/Prefabs/Buildings/SM_Bld_Bunker_ConcreteBase_02.prefab using Guid(c7a58172c2f36f84980007ec08052685) Importer(815301076,1909f56bfc062723c751e8b465ee728b)  -> (artifact id: '3e985164d5a56de0c95f0d99852f05f5') in 0.015691 seconds
Number of updated asset objects reloaded before import = 0
Number of asset objects unloaded after import = 10
========================================================================
Received Import Request.
  Time since last request: 0.000040 seconds.
  path: Assets/PolygonWar/Prefabs/Buildings/SM_Bld_City_Destroyed_01.prefab
  artifactKey: Guid(3eb417fbf1f717944991d4adbfafe375) Importer(815301076,1909f56bfc062723c751e8b465ee728b)
Start importing Assets/PolygonWar/Prefabs/Buildings/SM_Bld_City_Destroyed_01.prefab using Guid(3eb417fbf1f717944991d4adbfafe375) Importer(815301076,1909f56bfc062723c751e8b465ee728b)  -> (artifact id: 'dc18be12f6e531f6ffa1b7d1ae3ae79e') in 0.018160 seconds
Number of updated asset objects reloaded before import = 0
Number of asset objects unloaded after import = 11
========================================================================
Received Import Request.
  Time since last request: 0.000019 seconds.
  path: Assets/PolygonWar/Prefabs/Buildings/SM_Bld_Bunker_Stairs_01.prefab
  artifactKey: Guid(ae2654206a887034ab7fa253a7619efe) Importer(815301076,1909f56bfc062723c751e8b465ee728b)
Start importing Assets/PolygonWar/Prefabs/Buildings/SM_Bld_Bunker_Stairs_01.prefab using Guid(ae2654206a887034ab7fa253a7619efe) Importer(815301076,1909f56bfc062723c751e8b465ee728b)  -> (artifact id: 'a0e2d8eddcad6281f93384c453474611') in 0.020665 seconds
Number of updated asset objects reloaded before import = 0
Number of asset objects unloaded after import = 11
========================================================================
Received Import Request.
  Time since last request: 0.000018 seconds.
  path: Assets/PolygonWar/Prefabs/Buildings/SM_Bld_Camonetting_Tent_04.prefab
  artifactKey: Guid(5bdd4e1592d18574484cbbf5b61b6a12) Importer(815301076,1909f56bfc062723c751e8b465ee728b)
Start importing Assets/PolygonWar/Prefabs/Buildings/SM_Bld_Camonetting_Tent_04.prefab using Guid(5bdd4e1592d18574484cbbf5b61b6a12) Importer(815301076,1909f56bfc062723c751e8b465ee728b)  -> (artifact id: 'c1e3b4d039ce3079c0b732514db681ea') in 0.147321 seconds
Number of updated asset objects reloaded before import = 0
Number of asset objects unloaded after import = 12
========================================================================
Received Import Request.
  Time since last request: 0.000021 seconds.
  path: Assets/PolygonWar/Prefabs/Buildings/SM_Bld_Camonetting_Tent_03.prefab
  artifactKey: Guid(f4289e563e1600e49bb4992386c258c2) Importer(815301076,1909f56bfc062723c751e8b465ee728b)
Start importing Assets/PolygonWar/Prefabs/Buildings/SM_Bld_Camonetting_Tent_03.prefab using Guid(f4289e563e1600e49bb4992386c258c2) Importer(815301076,1909f56bfc062723c751e8b465ee728b)  -> (artifact id: '34037be4ac4a99c48d678449e365a3db') in 0.020246 seconds
Number of updated asset objects reloaded before import = 0
Number of asset objects unloaded after import = 12
========================================================================
Received Import Request.
  Time since last request: 1.762887 seconds.
  path: Assets/PolygonWar/Prefabs/Buildings/SM_Bld_City_Preset_01.prefab
  artifactKey: Guid(80ac00a6b41e2f34b87dd10d8e2e2dd1) Importer(815301076,1909f56bfc062723c751e8b465ee728b)
Start importing Assets/PolygonWar/Prefabs/Buildings/SM_Bld_City_Preset_01.prefab using Guid(80ac00a6b41e2f34b87dd10d8e2e2dd1) Importer(815301076,1909f56bfc062723c751e8b465ee728b)  -> (artifact id: '65f66dadc5c3eff5f9b5534b16caf3c3') in 0.026234 seconds
Number of updated asset objects reloaded before import = 0
Number of asset objects unloaded after import = 30
========================================================================
Received Import Request.
  Time since last request: 0.073070 seconds.
  path: Assets/PolygonWar/Prefabs/Buildings/SM_Bld_City_Preset_06.prefab
  artifactKey: Guid(f28a2653dd92be647b0ea3f199bdfd3c) Importer(815301076,1909f56bfc062723c751e8b465ee728b)
Start importing Assets/PolygonWar/Prefabs/Buildings/SM_Bld_City_Preset_06.prefab using Guid(f28a2653dd92be647b0ea3f199bdfd3c) Importer(815301076,1909f56bfc062723c751e8b465ee728b)  -> (artifact id: '9eb7a7c985c5bf105cd745c9b126a3c8') in 0.024326 seconds
Number of updated asset objects reloaded before import = 0
Number of asset objects unloaded after import = 25
========================================================================
Received Import Request.
  Time since last request: 0.629225 seconds.
  path: Assets/PolygonWar/Prefabs/Buildings/SM_Bld_City_Section_Base_02.prefab
  artifactKey: Guid(9dac242e0fd38d944aefbec4276d71a2) Importer(815301076,1909f56bfc062723c751e8b465ee728b)
Start importing Assets/PolygonWar/Prefabs/Buildings/SM_Bld_City_Section_Base_02.prefab using Guid(9dac242e0fd38d944aefbec4276d71a2) Importer(815301076,1909f56bfc062723c751e8b465ee728b)  -> (artifact id: 'a9f96913563ccae642bb009a542f1589') in 0.025034 seconds
Number of updated asset objects reloaded before import = 0
Number of asset objects unloaded after import = 23
========================================================================
Received Import Request.
  Time since last request: 0.085216 seconds.
  path: Assets/PolygonWar/Prefabs/Buildings/SM_Bld_City_Section_Base_07.prefab
  artifactKey: Guid(4565774efc443364398400f169bd587a) Importer(815301076,1909f56bfc062723c751e8b465ee728b)
Start importing Assets/PolygonWar/Prefabs/Buildings/SM_Bld_City_Section_Base_07.prefab using Guid(4565774efc443364398400f169bd587a) Importer(815301076,1909f56bfc062723c751e8b465ee728b)  -> (artifact id: 'd8e3ff01ff4dc2e4c7b1c1cb1e61210e') in 0.027317 seconds
Number of updated asset objects reloaded before import = 0
Number of asset objects unloaded after import = 25
========================================================================
Received Import Request.
  Time since last request: 0.697801 seconds.
  path: Assets/PolygonWar/Prefabs/Buildings/SM_Bld_City_Section_Roof_05.prefab
  artifactKey: Guid(d8b53e46671266243938fe0dd3e58763) Importer(815301076,1909f56bfc062723c751e8b465ee728b)
Start importing Assets/PolygonWar/Prefabs/Buildings/SM_Bld_City_Section_Roof_05.prefab using Guid(d8b53e46671266243938fe0dd3e58763) Importer(815301076,1909f56bfc062723c751e8b465ee728b)  -> (artifact id: 'cd5993388e4772a2aefcde895d8a802d') in 0.025337 seconds
Number of updated asset objects reloaded before import = 0
Number of asset objects unloaded after import = 15
========================================================================
Received Import Request.
  Time since last request: 0.199598 seconds.
  path: Assets/PolygonWar/Prefabs/Buildings/SM_Bld_City_Section_Room_03.prefab
  artifactKey: Guid(3cce950eb19c71c438b20da4233360b9) Importer(815301076,1909f56bfc062723c751e8b465ee728b)
Start importing Assets/PolygonWar/Prefabs/Buildings/SM_Bld_City_Section_Room_03.prefab using Guid(3cce950eb19c71c438b20da4233360b9) Importer(815301076,1909f56bfc062723c751e8b465ee728b)  -> (artifact id: 'f715989e0d87bde24d581d42dd61811f') in 0.024203 seconds
Number of updated asset objects reloaded before import = 0
Number of asset objects unloaded after import = 16
========================================================================
Received Import Request.
  Time since last request: 0.111451 seconds.
  path: Assets/PolygonWar/Prefabs/Buildings/SM_Bld_City_Section_Room_08.prefab
  artifactKey: Guid(1c60f86b5ce789f4196f963807910c93) Importer(815301076,1909f56bfc062723c751e8b465ee728b)
Start importing Assets/PolygonWar/Prefabs/Buildings/SM_Bld_City_Section_Room_08.prefab using Guid(1c60f86b5ce789f4196f963807910c93) Importer(815301076,1909f56bfc062723c751e8b465ee728b)  -> (artifact id: '26b40acc2729f607667bd9edb0b3cc0f') in 0.026223 seconds
Number of updated asset objects reloaded before import = 0
Number of asset objects unloaded after import = 16
========================================================================
Received Import Request.
  Time since last request: 0.159899 seconds.
  path: Assets/PolygonWar/Prefabs/Buildings/SM_Bld_Guard_Tower_01.prefab
  artifactKey: Guid(2bcfb52225346fe468be21a7140ff48c) Importer(815301076,1909f56bfc062723c751e8b465ee728b)
Start importing Assets/PolygonWar/Prefabs/Buildings/SM_Bld_Guard_Tower_01.prefab using Guid(2bcfb52225346fe468be21a7140ff48c) Importer(815301076,1909f56bfc062723c751e8b465ee728b)  -> (artifact id: '08ca165f9a25afe78dd78f6443d79f03') in 0.018160 seconds
Number of updated asset objects reloaded before import = 0
Number of asset objects unloaded after import = 18
========================================================================
Received Import Request.
  Time since last request: 0.076200 seconds.
  path: Assets/PolygonWar/Prefabs/Buildings/SM_Bld_State_Building_Roof_01.prefab
  artifactKey: Guid(6ce609677c372df41866f8559505007f) Importer(815301076,1909f56bfc062723c751e8b465ee728b)
Start importing Assets/PolygonWar/Prefabs/Buildings/SM_Bld_State_Building_Roof_01.prefab using Guid(6ce609677c372df41866f8559505007f) Importer(815301076,1909f56bfc062723c751e8b465ee728b)  -> (artifact id: '95229ba9e3d80266f6e9900f29834614') in 0.017031 seconds
Number of updated asset objects reloaded before import = 0
Number of asset objects unloaded after import = 9
========================================================================
Received Import Request.
  Time since last request: 0.000019 seconds.
  path: Assets/PolygonWar/Prefabs/Buildings/SM_Bld_Tent_01.prefab
  artifactKey: Guid(e0af5543ee8fa9a44ba3c1117c73ee56) Importer(815301076,1909f56bfc062723c751e8b465ee728b)
Start importing Assets/PolygonWar/Prefabs/Buildings/SM_Bld_Tent_01.prefab using Guid(e0af5543ee8fa9a44ba3c1117c73ee56) Importer(815301076,1909f56bfc062723c751e8b465ee728b)  -> (artifact id: '70e6821542ff34238be70caea2130db2') in 0.016482 seconds
Number of updated asset objects reloaded before import = 0
Number of asset objects unloaded after import = 11
========================================================================
Received Import Request.
  Time since last request: 0.218201 seconds.
  path: Assets/PolygonWar/Prefabs/Buildings/SM_Bld_TownHouse_01.prefab
  artifactKey: Guid(9117ca747581dd84797a6fcd69a28b4a) Importer(815301076,1909f56bfc062723c751e8b465ee728b)
Start importing Assets/PolygonWar/Prefabs/Buildings/SM_Bld_TownHouse_01.prefab using Guid(9117ca747581dd84797a6fcd69a28b4a) Importer(815301076,1909f56bfc062723c751e8b465ee728b)  -> (artifact id: '60eb9192a330f8dc501db5f540ef64a7') in 0.020362 seconds
Number of updated asset objects reloaded before import = 0
Number of asset objects unloaded after import = 35
========================================================================
Received Import Request.
  Time since last request: 0.077668 seconds.
  path: Assets/PolygonWar/Prefabs/Buildings/SM_Bld_TownHouse_06.prefab
  artifactKey: Guid(9c6ef5ef9dbda28428fa50c2afde0ce0) Importer(815301076,1909f56bfc062723c751e8b465ee728b)
Start importing Assets/PolygonWar/Prefabs/Buildings/SM_Bld_TownHouse_06.prefab using Guid(9c6ef5ef9dbda28428fa50c2afde0ce0) Importer(815301076,1909f56bfc062723c751e8b465ee728b)  -> (artifact id: '4ecceadcefa69ec563e4e9104988a3ad') in 0.022783 seconds
Number of updated asset objects reloaded before import = 0
Number of asset objects unloaded after import = 31
Editor requested this worker to shutdown with reason: Scaling down because of idle timeout
TcpMessagingSession - receive error: operation aborted. errorcode: 995, details: The I/O operation has been aborted because of either a thread exit or an application request.
AssetImportWorker is now disconnected from the server
Process exiting
Exiting without the bug reporter. Application will terminate with return code 0